This is pdfTeX, Version 3.14159265-2.6-1.40.16 (TeX Live 2015/W32TeX) (preloaded format=pdflatex 2015.9.10)  15 MAR 2018 23:54
entering extended mode
 restricted \write18 enabled.
 %&-line parsing enabled.
**./Assn2.tex
(./Assn2.tex
LaTeX2e <2015/01/01> patch level 2
Babel <3.9m> and hyphenation patterns for 79 languages loaded.
(c:/texlive/2015/texmf-dist/tex/latex/base/article.cls
Document Class: article 2014/09/29 v1.4h Standard LaTeX document class
(c:/texlive/2015/texmf-dist/tex/latex/base/size10.clo
File: size10.clo 2014/09/29 v1.4h Standard LaTeX file (size option)
)
\c@part=\count79
\c@section=\count80
\c@subsection=\count81
\c@subsubsection=\count82
\c@paragraph=\count83
\c@subparagraph=\count84
\c@figure=\count85
\c@table=\count86
\abovecaptionskip=\skip41
\belowcaptionskip=\skip42
\bibindent=\dimen102
)
(c:/texlive/2015/texmf-dist/tex/latex/graphics/graphicx.sty
Package: graphicx 2014/10/28 v1.0g Enhanced LaTeX Graphics (DPC,SPQR)

(c:/texlive/2015/texmf-dist/tex/latex/graphics/keyval.sty
Package: keyval 2014/10/28 v1.15 key=value parser (DPC)
\KV@toks@=\toks14
)
(c:/texlive/2015/texmf-dist/tex/latex/graphics/graphics.sty
Package: graphics 2014/10/28 v1.0p Standard LaTeX Graphics (DPC,SPQR)

(c:/texlive/2015/texmf-dist/tex/latex/graphics/trig.sty
Package: trig 1999/03/16 v1.09 sin cos tan (DPC)
)
(c:/texlive/2015/texmf-dist/tex/latex/latexconfig/graphics.cfg
File: graphics.cfg 2010/04/23 v1.9 graphics configuration of TeX Live
)
Package graphics Info: Driver file: pdftex.def on input line 94.

(c:/texlive/2015/texmf-dist/tex/latex/pdftex-def/pdftex.def
File: pdftex.def 2011/05/27 v0.06d Graphics/color for pdfTeX

(c:/texlive/2015/texmf-dist/tex/generic/oberdiek/infwarerr.sty
Package: infwarerr 2010/04/08 v1.3 Providing info/warning/error messages (HO)
)
(c:/texlive/2015/texmf-dist/tex/generic/oberdiek/ltxcmds.sty
Package: ltxcmds 2011/11/09 v1.22 LaTeX kernel commands for general use (HO)
)
\Gread@gobject=\count87
))
\Gin@req@height=\dimen103
\Gin@req@width=\dimen104
)
(c:/texlive/2015/texmf-dist/tex/latex/amsmath/amsmath.sty
Package: amsmath 2013/01/14 v2.14 AMS math features
\@mathmargin=\skip43

For additional information on amsmath, use the `?' option.
(c:/texlive/2015/texmf-dist/tex/latex/amsmath/amstext.sty
Package: amstext 2000/06/29 v2.01

(c:/texlive/2015/texmf-dist/tex/latex/amsmath/amsgen.sty
File: amsgen.sty 1999/11/30 v2.0
\@emptytoks=\toks15
\ex@=\dimen105
))
(c:/texlive/2015/texmf-dist/tex/latex/amsmath/amsbsy.sty
Package: amsbsy 1999/11/29 v1.2d
\pmbraise@=\dimen106
)
(c:/texlive/2015/texmf-dist/tex/latex/amsmath/amsopn.sty
Package: amsopn 1999/12/14 v2.01 operator names
)
\inf@bad=\count88
LaTeX Info: Redefining \frac on input line 210.
\uproot@=\count89
\leftroot@=\count90
LaTeX Info: Redefining \overline on input line 306.
\classnum@=\count91
\DOTSCASE@=\count92
LaTeX Info: Redefining \ldots on input line 378.
LaTeX Info: Redefining \dots on input line 381.
LaTeX Info: Redefining \cdots on input line 466.
\Mathstrutbox@=\box26
\strutbox@=\box27
\big@size=\dimen107
LaTeX Font Info:    Redeclaring font encoding OML on input line 566.
LaTeX Font Info:    Redeclaring font encoding OMS on input line 567.
\macc@depth=\count93
\c@MaxMatrixCols=\count94
\dotsspace@=\muskip10
\c@parentequation=\count95
\dspbrk@lvl=\count96
\tag@help=\toks16
\row@=\count97
\column@=\count98
\maxfields@=\count99
\andhelp@=\toks17
\eqnshift@=\dimen108
\alignsep@=\dimen109
\tagshift@=\dimen110
\tagwidth@=\dimen111
\totwidth@=\dimen112
\lineht@=\dimen113
\@envbody=\toks18
\multlinegap=\skip44
\multlinetaggap=\skip45
\mathdisplay@stack=\toks19
LaTeX Info: Redefining \[ on input line 2665.
LaTeX Info: Redefining \] on input line 2666.
)
(c:/texlive/2015/texmf-dist/tex/latex/float/float.sty
Package: float 2001/11/08 v1.3d Float enhancements (AL)
\c@float@type=\count100
\float@exts=\toks20
\float@box=\box28
\@float@everytoks=\toks21
\@floatcapt=\box29
)
(c:/texlive/2015/texmf-dist/tex/latex/amsfonts/amssymb.sty
Package: amssymb 2013/01/14 v3.01 AMS font symbols

(c:/texlive/2015/texmf-dist/tex/latex/amsfonts/amsfonts.sty
Package: amsfonts 2013/01/14 v3.01 Basic AMSFonts support
\symAMSa=\mathgroup4
\symAMSb=\mathgroup5
LaTeX Font Info:    Overwriting math alphabet `\mathfrak' in version `bold'
(Font)                  U/euf/m/n --> U/euf/b/n on input line 106.
))
(c:/texlive/2015/texmf-dist/tex/latex/hyperref/hyperref.sty
Package: hyperref 2012/11/06 v6.83m Hypertext links for LaTeX

(c:/texlive/2015/texmf-dist/tex/generic/oberdiek/hobsub-hyperref.sty
Package: hobsub-hyperref 2012/05/28 v1.13 Bundle oberdiek, subset hyperref (HO)


(c:/texlive/2015/texmf-dist/tex/generic/oberdiek/hobsub-generic.sty
Package: hobsub-generic 2012/05/28 v1.13 Bundle oberdiek, subset generic (HO)
Package: hobsub 2012/05/28 v1.13 Construct package bundles (HO)
Package hobsub Info: Skipping package `infwarerr' (already loaded).
Package hobsub Info: Skipping package `ltxcmds' (already loaded).
Package: ifluatex 2010/03/01 v1.3 Provides the ifluatex switch (HO)
Package ifluatex Info: LuaTeX not detected.
Package: ifvtex 2010/03/01 v1.5 Detect VTeX and its facilities (HO)
Package ifvtex Info: VTeX not detected.
Package: intcalc 2007/09/27 v1.1 Expandable calculations with integers (HO)
Package: ifpdf 2011/01/30 v2.3 Provides the ifpdf switch (HO)
Package ifpdf Info: pdfTeX in PDF mode is detected.
Package: etexcmds 2011/02/16 v1.5 Avoid name clashes with e-TeX commands (HO)
Package etexcmds Info: Could not find \expanded.
(etexcmds)             That can mean that you are not using pdfTeX 1.50 or
(etexcmds)             that some package has redefined \expanded.
(etexcmds)             In the latter case, load this package earlier.
Package: kvsetkeys 2012/04/25 v1.16 Key value parser (HO)
Package: kvdefinekeys 2011/04/07 v1.3 Define keys (HO)
Package: pdftexcmds 2011/11/29 v0.20 Utility functions of pdfTeX for LuaTeX (HO
)
Package pdftexcmds Info: LuaTeX not detected.
Package pdftexcmds Info: \pdf@primitive is available.
Package pdftexcmds Info: \pdf@ifprimitive is available.
Package pdftexcmds Info: \pdfdraftmode found.
Package: pdfescape 2011/11/25 v1.13 Implements pdfTeX's escape features (HO)
Package: bigintcalc 2012/04/08 v1.3 Expandable calculations on big integers (HO
)
Package: bitset 2011/01/30 v1.1 Handle bit-vector datatype (HO)
Package: uniquecounter 2011/01/30 v1.2 Provide unlimited unique counter (HO)
)
Package hobsub Info: Skipping package `hobsub' (already loaded).
Package: letltxmacro 2010/09/02 v1.4 Let assignment for LaTeX macros (HO)
Package: hopatch 2012/05/28 v1.2 Wrapper for package hooks (HO)
Package: xcolor-patch 2011/01/30 xcolor patch
Package: atveryend 2011/06/30 v1.8 Hooks at the very end of document (HO)
Package atveryend Info: \enddocument detected (standard20110627).
Package: atbegshi 2011/10/05 v1.16 At begin shipout hook (HO)
Package: refcount 2011/10/16 v3.4 Data extraction from label references (HO)
Package: hycolor 2011/01/30 v1.7 Color options for hyperref/bookmark (HO)
)
(c:/texlive/2015/texmf-dist/tex/generic/ifxetex/ifxetex.sty
Package: ifxetex 2010/09/12 v0.6 Provides ifxetex conditional
)
(c:/texlive/2015/texmf-dist/tex/latex/oberdiek/auxhook.sty
Package: auxhook 2011/03/04 v1.3 Hooks for auxiliary files (HO)
)
(c:/texlive/2015/texmf-dist/tex/latex/oberdiek/kvoptions.sty
Package: kvoptions 2011/06/30 v3.11 Key value format for package options (HO)
)
\@linkdim=\dimen114
\Hy@linkcounter=\count101
\Hy@pagecounter=\count102

(c:/texlive/2015/texmf-dist/tex/latex/hyperref/pd1enc.def
File: pd1enc.def 2012/11/06 v6.83m Hyperref: PDFDocEncoding definition (HO)
)
\Hy@SavedSpaceFactor=\count103

(c:/texlive/2015/texmf-dist/tex/latex/latexconfig/hyperref.cfg
File: hyperref.cfg 2002/06/06 v1.2 hyperref configuration of TeXLive
)
Package hyperref Info: Hyper figures OFF on input line 4443.
Package hyperref Info: Link nesting OFF on input line 4448.
Package hyperref Info: Hyper index ON on input line 4451.
Package hyperref Info: Plain pages OFF on input line 4458.
Package hyperref Info: Backreferencing OFF on input line 4463.
Package hyperref Info: Implicit mode ON; LaTeX internals redefined.
Package hyperref Info: Bookmarks ON on input line 4688.
\c@Hy@tempcnt=\count104

(c:/texlive/2015/texmf-dist/tex/latex/url/url.sty
\Urlmuskip=\muskip11
Package: url 2013/09/16  ver 3.4  Verb mode for urls, etc.
)
LaTeX Info: Redefining \url on input line 5041.
\XeTeXLinkMargin=\dimen115
\Fld@menulength=\count105
\Field@Width=\dimen116
\Fld@charsize=\dimen117
Package hyperref Info: Hyper figures OFF on input line 6295.
Package hyperref Info: Link nesting OFF on input line 6300.
Package hyperref Info: Hyper index ON on input line 6303.
Package hyperref Info: backreferencing OFF on input line 6310.
Package hyperref Info: Link coloring OFF on input line 6315.
Package hyperref Info: Link coloring with OCG OFF on input line 6320.
Package hyperref Info: PDF/A mode OFF on input line 6325.
LaTeX Info: Redefining \ref on input line 6365.
LaTeX Info: Redefining \pageref on input line 6369.
\Hy@abspage=\count106
\c@Item=\count107
\c@Hfootnote=\count108
)

Package hyperref Message: Driver (autodetected): hpdftex.

(c:/texlive/2015/texmf-dist/tex/latex/hyperref/hpdftex.def
File: hpdftex.def 2012/11/06 v6.83m Hyperref driver for pdfTeX
\Fld@listcount=\count109
\c@bookmark@seq@number=\count110

(c:/texlive/2015/texmf-dist/tex/latex/oberdiek/rerunfilecheck.sty
Package: rerunfilecheck 2011/04/15 v1.7 Rerun checks for auxiliary files (HO)
Package uniquecounter Info: New unique counter `rerunfilecheck' on input line 2
82.
)
\Hy@SectionHShift=\skip46
)
(c:/texlive/2015/texmf-dist/tex/latex/caption/caption.sty
Package: caption 2013/05/02 v3.3-89 Customizing captions (AR)

(c:/texlive/2015/texmf-dist/tex/latex/caption/caption3.sty
Package: caption3 2013/05/02 v1.6-88 caption3 kernel (AR)
Package caption3 Info: TeX engine: e-TeX on input line 57.
\captionmargin=\dimen118
\captionmargin@=\dimen119
\captionwidth=\dimen120
\caption@tempdima=\dimen121
\caption@indent=\dimen122
\caption@parindent=\dimen123
\caption@hangindent=\dimen124
)
\c@ContinuedFloat=\count111
Package caption Info: float package is loaded.
Package caption Info: hyperref package is loaded.
) (./Assn2.aux)
\openout1 = `Assn2.aux'.

LaTeX Font Info:    Checking defaults for OML/cmm/m/it on input line 11.
LaTeX Font Info:    ... okay on input line 11.
LaTeX Font Info:    Checking defaults for T1/cmr/m/n on input line 11.
LaTeX Font Info:    ... okay on input line 11.
LaTeX Font Info:    Checking defaults for OT1/cmr/m/n on input line 11.
LaTeX Font Info:    ... okay on input line 11.
LaTeX Font Info:    Checking defaults for OMS/cmsy/m/n on input line 11.
LaTeX Font Info:    ... okay on input line 11.
LaTeX Font Info:    Checking defaults for OMX/cmex/m/n on input line 11.
LaTeX Font Info:    ... okay on input line 11.
LaTeX Font Info:    Checking defaults for U/cmr/m/n on input line 11.
LaTeX Font Info:    ... okay on input line 11.
LaTeX Font Info:    Checking defaults for PD1/pdf/m/n on input line 11.
LaTeX Font Info:    ... okay on input line 11.

(c:/texlive/2015/texmf-dist/tex/context/base/supp-pdf.mkii
[Loading MPS to PDF converter (version 2006.09.02).]
\scratchcounter=\count112
\scratchdimen=\dimen125
\scratchbox=\box30
\nofMPsegments=\count113
\nofMParguments=\count114
\everyMPshowfont=\toks22
\MPscratchCnt=\count115
\MPscratchDim=\dimen126
\MPnumerator=\count116
\makeMPintoPDFobject=\count117
\everyMPtoPDFconversion=\toks23
) (c:/texlive/2015/texmf-dist/tex/latex/oberdiek/epstopdf-base.sty
Package: epstopdf-base 2010/02/09 v2.5 Base part for package epstopdf

(c:/texlive/2015/texmf-dist/tex/latex/oberdiek/grfext.sty
Package: grfext 2010/08/19 v1.1 Manage graphics extensions (HO)
)
Package grfext Info: Graphics extension search list:
(grfext)             [.png,.pdf,.jpg,.mps,.jpeg,.jbig2,.jb2,.PNG,.PDF,.JPG,.JPE
G,.JBIG2,.JB2,.eps]
(grfext)             \AppendGraphicsExtensions on input line 452.

(c:/texlive/2015/texmf-dist/tex/latex/latexconfig/epstopdf-sys.cfg
File: epstopdf-sys.cfg 2010/07/13 v1.3 Configuration of (r)epstopdf for TeX Liv
e
))
\AtBeginShipoutBox=\box31
Package hyperref Info: Link coloring OFF on input line 11.

(c:/texlive/2015/texmf-dist/tex/latex/hyperref/nameref.sty
Package: nameref 2012/10/27 v2.43 Cross-referencing by name of section

(c:/texlive/2015/texmf-dist/tex/generic/oberdiek/gettitlestring.sty
Package: gettitlestring 2010/12/03 v1.4 Cleanup title references (HO)
)
\c@section@level=\count118
)
LaTeX Info: Redefining \ref on input line 11.
LaTeX Info: Redefining \pageref on input line 11.
LaTeX Info: Redefining \nameref on input line 11.

(./Assn2.out) (./Assn2.out)
\@outlinefile=\write3
\openout3 = `Assn2.out'.

Package caption Info: Begin \AtBeginDocument code.
Package caption Info: End \AtBeginDocument code.
LaTeX Font Info:    Try loading font information for U+msa on input line 17.

(c:/texlive/2015/texmf-dist/tex/latex/amsfonts/umsa.fd
File: umsa.fd 2013/01/14 v3.01 AMS symbols A
)
LaTeX Font Info:    Try loading font information for U+msb on input line 17.

(c:/texlive/2015/texmf-dist/tex/latex/amsfonts/umsb.fd
File: umsb.fd 2013/01/14 v3.01 AMS symbols B
)
Underfull \vbox (badness 10000) has occurred while \output is active []

 [1{c:/texlive/2015/texmf-var/fonts/map/pdftex/updmap/pdftex.map}


]
<"3 functions".png, id=79, 1445.4pt x 289.08pt>
File: "3 functions".png Graphic file (type png)
 <use "3 functions".png>
Package pdftex.def Info: "3 functions".png used on input line 100.
(pdftex.def)             Requested size: 469.0pt x 93.7999pt.

<Coefficients.png, id=82, 433.62pt x 289.08pt>
File: Coefficients.png Graphic file (type png)
 <use Coefficients.png>
Package pdftex.def Info: Coefficients.png used on input line 132.
(pdftex.def)             Requested size: 229.5pt x 152.99994pt.
 [2]
Underfull \vbox (badness 10000) has occurred while \output is active []

 [3 <./3 functions.png> <./Coefficients.png>]
<power_spectrum.png, id=103, 578.16pt x 722.7pt>
File: power_spectrum.png Graphic file (type png)
 <use power_spectrum.png>
Package pdftex.def Info: power_spectrum.png used on input line 179.
(pdftex.def)             Requested size: 229.5pt x 286.86937pt.

Underfull \vbox (badness 4518) has occurred while \output is active []

 [4 <./power_spectrum.png>] <hann_window.png, id=117, 578.16pt x 722.7pt>
File: hann_window.png Graphic file (type png)

<use hann_window.png>
Package pdftex.def Info: hann_window.png used on input line 203.
(pdftex.def)             Requested size: 229.5pt x 286.86937pt.
 <hann_0.png, id=122, 578.16pt x 722.7pt>
File: hann_0.png Graphic file (type png)

<use hann_0.png>
Package pdftex.def Info: hann_0.png used on input line 223.
(pdftex.def)             Requested size: 229.5pt x 286.86937pt.
 <hann_1.png, id=125, 578.16pt x 722.7pt>
File: hann_1.png Graphic file (type png)
 <use hann_1.png>
Package pdftex.def Info: hann_1.png used on input line 232.
(pdftex.def)             Requested size: 229.5pt x 286.86937pt.

<blackman_harris.png, id=129, 1300.86pt x 722.7pt>
File: blackman_harris.png Graphic file (type png)
 <use blackman_harris.png>
Package pdftex.def Info: blackman_harris.png used on input line 248.
(pdftex.def)             Requested size: 469.0pt x 260.55775pt.

Underfull \vbox (badness 1337) has occurred while \output is active []

 [5 <./hann_window.png>]
Underfull \vbox (badness 4518) has occurred while \output is active []


<binary_time.png, id=143, 1445.4pt x 289.08pt>
File: binary_time.png Graphic file (type png)
 <use binary_time.png>
Package pdftex.def Info: binary_time.png used on input line 268.
(pdftex.def)             Requested size: 469.0pt x 93.7999pt.

<BinarySpectrum.png, id=144, 433.62pt x 289.08pt>
File: BinarySpectrum.png Graphic file (type png)
 <use BinarySpectrum.png>
Package pdftex.def Info: BinarySpectrum.png used on input line 275.
(pdftex.def)             Requested size: 229.5pt x 152.99994pt.

<binaryZoom.png, id=145, 433.62pt x 289.08pt>
File: binaryZoom.png Graphic file (type png)
 <use binaryZoom.png>
Package pdftex.def Info: binaryZoom.png used on input line 282.
(pdftex.def)             Requested size: 229.5pt x 152.99994pt.

<beats.png, id=149, 578.16pt x 433.62pt>
File: beats.png Graphic file (type png)
 <use beats.png>
Package pdftex.def Info: beats.png used on input line 295.
(pdftex.def)             Requested size: 229.5pt x 172.12163pt.
 [6 <./hann_0.png> <./hann_1.png>] [7 <./blackman_harris.png> <./binary_time.pn
g>]
<"sunspot time".png, id=167, 1445.4pt x 289.08pt>
File: "sunspot time".png Graphic file (type png)
 <use "sunspot time".png>
Package pdftex.def Info: "sunspot time".png used on input line 318.
(pdftex.def)             Requested size: 469.0pt x 93.7999pt.

[8 <./BinarySpectrum.png> <./binaryZoom.png> <./beats.png>]
<SunSpotPowerSpectrum.png, id=176, 433.62pt x 289.08pt>
File: SunSpotPowerSpectrum.png Graphic file (type png)

<use SunSpotPowerSpectrum.png>
Package pdftex.def Info: SunSpotPowerSpectrum.png used on input line 327.
(pdftex.def)             Requested size: 229.5pt x 152.99994pt.
 <stocks_time.png, id=180, 578.16pt x 1011.78pt>
File: stocks_time.png Graphic file (type png)

<use stocks_time.png>
Package pdftex.def Info: stocks_time.png used on input line 337.
(pdftex.def)             Requested size: 229.5pt x 401.61713pt.

Underfull \vbox (badness 10000) has occurred while \output is active []



LaTeX Warning: Reference `fig:stocks_pc' on page 9 undefined on input line 356.


<stocks_returns.png, id=183, 1011.78pt x 1011.78pt>
File: stocks_returns.png Graphic file (type png)
 <use stocks_returns.png>
Package pdftex.def Info: stocks_returns.png used on input line 361.
(pdftex.def)             Requested size: 469.0pt x 469.00618pt.

<stocks_ac.png, id=188, 1011.78pt x 1011.78pt>
File: stocks_ac.png Graphic file (type png)
 <use stocks_ac.png>
Package pdftex.def Info: stocks_ac.png used on input line 371.
(pdftex.def)             Requested size: 469.0pt x 469.00618pt.

<stocks_power_spectrum.png, id=189, 1011.78pt x 867.24pt>
File: stocks_power_spectrum.png Graphic file (type png)

<use stocks_power_spectrum.png>
Package pdftex.def Info: stocks_power_spectrum.png used on input line 379.
(pdftex.def)             Requested size: 469.0pt x 402.00531pt.
 [9 <./sunspot time.png> <./SunSpotPowerSpectrum.png>] <dow.png, id=206, 867.24
pt x 578.16pt>
File: dow.png Graphic file (type png)
 <use dow.png>
Package pdftex.def Info: dow.png used on input line 410.
(pdftex.def)             Requested size: 469.0pt x 312.66931pt.

<dow_ac.png, id=207, 578.16pt x 433.62pt>
File: dow_ac.png Graphic file (type png)
 <use dow_ac.png>
Package pdftex.def Info: dow_ac.png used on input line 421.
(pdftex.def)             Requested size: 229.5pt x 172.12163pt.

<co2trend.png, id=212, 1445.4pt x 289.08pt>
File: co2trend.png Graphic file (type png)
 <use co2trend.png>
Package pdftex.def Info: co2trend.png used on input line 433.
(pdftex.def)             Requested size: 469.0pt x 93.7999pt.
 [10 <./stocks_time.png>] [11 <./stocks_returns.png>] [12 <./stocks_ac.png>] [1
3 <./stocks_power_spectrum.png>] <co2power.png, id=238, 433.62pt x 289.08pt>
File: co2power.png Graphic file (type png)
 <use co2power.png>
Package pdftex.def Info: co2power.png used on input line 442.
(pdftex.def)             Requested size: 229.5pt x 152.99994pt.

Underfull \vbox (badness 10000) has occurred while \output is active []

 [14 <./dow.png>]
Underfull \hbox (badness 1038) in paragraph at lines 458--459
[]\OT1/cmr/m/n/10 The hu-man body is based on many dif-fer-ent
 []

[15 <./dow_ac.png>]
Underfull \vbox (badness 10000) has occurred while \output is active []

 [16 <./co2trend.png> <./co2power.png>]
Underfull \hbox (badness 10000) in paragraph at lines 474--475
\OT1/cmr/m/n/10 ac-cessed at []$\OT1/cmtt/m/n/10 http : / / www . jb . man . ac
 . uk /
 []


Underfull \hbox (badness 10000) in paragraph at lines 474--475
\OT1/cmtt/m/n/10 distance / frontiers / pulsars / section1 .
 []

Package atveryend Info: Empty hook `BeforeClearDocument' on input line 482.
[17]
Package atveryend Info: Empty hook `AfterLastShipout' on input line 482.
 (./Assn2.aux)
Package atveryend Info: Executing hook `AtVeryEndDocument' on input line 482.
Package atveryend Info: Executing hook `AtEndAfterFileList' on input line 482.
Package rerunfilecheck Info: File `Assn2.out' has not changed.
(rerunfilecheck)             Checksum: 77FCDD7A7D401D0ED872FA2E5D519D89;827.


LaTeX Warning: There were undefined references.

Package atveryend Info: Empty hook `AtVeryVeryEnd' on input line 482.
 ) 
Here is how much of TeX's memory you used:
 7206 strings out of 493091
 107301 string characters out of 6138525
 212928 words of memory out of 5000000
 10540 multiletter control sequences out of 15000+600000
 12017 words of font info for 47 fonts, out of 8000000 for 9000
 1141 hyphenation exceptions out of 8191
 36i,21n,38p,1485b,334s stack positions out of 5000i,500n,10000p,200000b,80000s
<c:/texlive/2015/texmf-dist/fonts/type1/public/amsfonts/cm/cmbx10.pfb><c:/tex
live/2015/texmf-dist/fonts/type1/public/amsfonts/cm/cmbx12.pfb><c:/texlive/2015
/texmf-dist/fonts/type1/public/amsfonts/cm/cmex10.pfb><c:/texlive/2015/texmf-di
st/fonts/type1/public/amsfonts/cm/cmmi10.pfb><c:/texlive/2015/texmf-dist/fonts/
type1/public/amsfonts/cm/cmmi5.pfb><c:/texlive/2015/texmf-dist/fonts/type1/publ
ic/amsfonts/cm/cmmi7.pfb><c:/texlive/2015/texmf-dist/fonts/type1/public/amsfont
s/cm/cmr10.pfb><c:/texlive/2015/texmf-dist/fonts/type1/public/amsfonts/cm/cmr12
.pfb><c:/texlive/2015/texmf-dist/fonts/type1/public/amsfonts/cm/cmr17.pfb><c:/t
exlive/2015/texmf-dist/fonts/type1/public/amsfonts/cm/cmr5.pfb><c:/texlive/2015
/texmf-dist/fonts/type1/public/amsfonts/cm/cmr7.pfb><c:/texlive/2015/texmf-dist
/fonts/type1/public/amsfonts/cm/cmsy10.pfb><c:/texlive/2015/texmf-dist/fonts/ty
pe1/public/amsfonts/cm/cmsy5.pfb><c:/texlive/2015/texmf-dist/fonts/type1/public
/amsfonts/cm/cmsy7.pfb><c:/texlive/2015/texmf-dist/fonts/type1/public/amsfonts/
cm/cmti10.pfb><c:/texlive/2015/texmf-dist/fonts/type1/public/amsfonts/cm/cmtt10
.pfb>
Output written on Assn2.pdf (17 pages, 1891330 bytes).
PDF statistics:
 347 PDF objects out of 1000 (max. 8388607)
 259 compressed objects within 3 object streams
 68 named destinations out of 1000 (max. 500000)
 218 words of extra memory for PDF output out of 10000 (max. 10000000)

