This is pdfTeX, Version 3.1415926-2.5-1.40.14 (TeX Live 2013/Debian) (format=pdflatex 2017.8.22)  15 MAR 2018 10:21
entering extended mode
 restricted \write18 enabled.
 %&-line parsing enabled.
**austin_report.tex
(./austin_report.tex
LaTeX2e <2011/06/27>
Babel <3.9h> and hyphenation patterns for 78 languages loaded.
(/usr/share/texlive/texmf-dist/tex/latex/base/article.cls
Document Class: article 2007/10/19 v1.4h Standard LaTeX document class
(/usr/share/texlive/texmf-dist/tex/latex/base/size11.clo
File: size11.clo 2007/10/19 v1.4h Standard LaTeX file (size option)
)
\c@part=\count79
\c@section=\count80
\c@subsection=\count81
\c@subsubsection=\count82
\c@paragraph=\count83
\c@subparagraph=\count84
\c@figure=\count85
\c@table=\count86
\abovecaptionskip=\skip41
\belowcaptionskip=\skip42
\bibindent=\dimen102
)
(/usr/share/texlive/texmf-dist/tex/latex/amsmath/amsmath.sty
Package: amsmath 2013/01/14 v2.14 AMS math features
\@mathmargin=\skip43

For additional information on amsmath, use the `?' option.
(/usr/share/texlive/texmf-dist/tex/latex/amsmath/amstext.sty
Package: amstext 2000/06/29 v2.01

(/usr/share/texlive/texmf-dist/tex/latex/amsmath/amsgen.sty
File: amsgen.sty 1999/11/30 v2.0
\@emptytoks=\toks14
\ex@=\dimen103
))
(/usr/share/texlive/texmf-dist/tex/latex/amsmath/amsbsy.sty
Package: amsbsy 1999/11/29 v1.2d
\pmbraise@=\dimen104
)
(/usr/share/texlive/texmf-dist/tex/latex/amsmath/amsopn.sty
Package: amsopn 1999/12/14 v2.01 operator names
)
\inf@bad=\count87
LaTeX Info: Redefining \frac on input line 210.
\uproot@=\count88
\leftroot@=\count89
LaTeX Info: Redefining \overline on input line 306.
\classnum@=\count90
\DOTSCASE@=\count91
LaTeX Info: Redefining \ldots on input line 378.
LaTeX Info: Redefining \dots on input line 381.
LaTeX Info: Redefining \cdots on input line 466.
\Mathstrutbox@=\box26
\strutbox@=\box27
\big@size=\dimen105
LaTeX Font Info:    Redeclaring font encoding OML on input line 566.
LaTeX Font Info:    Redeclaring font encoding OMS on input line 567.
\macc@depth=\count92
\c@MaxMatrixCols=\count93
\dotsspace@=\muskip10
\c@parentequation=\count94
\dspbrk@lvl=\count95
\tag@help=\toks15
\row@=\count96
\column@=\count97
\maxfields@=\count98
\andhelp@=\toks16
\eqnshift@=\dimen106
\alignsep@=\dimen107
\tagshift@=\dimen108
\tagwidth@=\dimen109
\totwidth@=\dimen110
\lineht@=\dimen111
\@envbody=\toks17
\multlinegap=\skip44
\multlinetaggap=\skip45
\mathdisplay@stack=\toks18
LaTeX Info: Redefining \[ on input line 2665.
LaTeX Info: Redefining \] on input line 2666.
)
(/usr/share/texlive/texmf-dist/tex/latex/graphics/graphicx.sty
Package: graphicx 1999/02/16 v1.0f Enhanced LaTeX Graphics (DPC,SPQR)

(/usr/share/texlive/texmf-dist/tex/latex/graphics/keyval.sty
Package: keyval 1999/03/16 v1.13 key=value parser (DPC)
\KV@toks@=\toks19
)
(/usr/share/texlive/texmf-dist/tex/latex/graphics/graphics.sty
Package: graphics 2009/02/05 v1.0o Standard LaTeX Graphics (DPC,SPQR)

(/usr/share/texlive/texmf-dist/tex/latex/graphics/trig.sty
Package: trig 1999/03/16 v1.09 sin cos tan (DPC)
)
(/usr/share/texlive/texmf-dist/tex/latex/latexconfig/graphics.cfg
File: graphics.cfg 2010/04/23 v1.9 graphics configuration of TeX Live
)
Package graphics Info: Driver file: pdftex.def on input line 91.

(/usr/share/texlive/texmf-dist/tex/latex/pdftex-def/pdftex.def
File: pdftex.def 2011/05/27 v0.06d Graphics/color for pdfTeX

(/usr/share/texlive/texmf-dist/tex/generic/oberdiek/infwarerr.sty
Package: infwarerr 2010/04/08 v1.3 Providing info/warning/error messages (HO)
)
(/usr/share/texlive/texmf-dist/tex/generic/oberdiek/ltxcmds.sty
Package: ltxcmds 2011/11/09 v1.22 LaTeX kernel commands for general use (HO)
)
\Gread@gobject=\count99
))
\Gin@req@height=\dimen112
\Gin@req@width=\dimen113
)

LaTeX Warning: Unused global option(s):
    [letterpage].

(./austin_report.aux)
\openout1 = `austin_report.aux'.

LaTeX Font Info:    Checking defaults for OML/cmm/m/it on input line 5.
LaTeX Font Info:    ... okay on input line 5.
LaTeX Font Info:    Checking defaults for T1/cmr/m/n on input line 5.
LaTeX Font Info:    ... okay on input line 5.
LaTeX Font Info:    Checking defaults for OT1/cmr/m/n on input line 5.
LaTeX Font Info:    ... okay on input line 5.
LaTeX Font Info:    Checking defaults for OMS/cmsy/m/n on input line 5.
LaTeX Font Info:    ... okay on input line 5.
LaTeX Font Info:    Checking defaults for OMX/cmex/m/n on input line 5.
LaTeX Font Info:    ... okay on input line 5.
LaTeX Font Info:    Checking defaults for U/cmr/m/n on input line 5.
LaTeX Font Info:    ... okay on input line 5.

(/usr/share/texlive/texmf-dist/tex/context/base/supp-pdf.mkii
[Loading MPS to PDF converter (version 2006.09.02).]
\scratchcounter=\count100
\scratchdimen=\dimen114
\scratchbox=\box28
\nofMPsegments=\count101
\nofMParguments=\count102
\everyMPshowfont=\toks20
\MPscratchCnt=\count103
\MPscratchDim=\dimen115
\MPnumerator=\count104
\makeMPintoPDFobject=\count105
\everyMPtoPDFconversion=\toks21
) (/usr/share/texlive/texmf-dist/tex/generic/oberdiek/pdftexcmds.sty
Package: pdftexcmds 2011/11/29 v0.20 Utility functions of pdfTeX for LuaTeX (HO
)

(/usr/share/texlive/texmf-dist/tex/generic/oberdiek/ifluatex.sty
Package: ifluatex 2010/03/01 v1.3 Provides the ifluatex switch (HO)
Package ifluatex Info: LuaTeX not detected.
)
(/usr/share/texlive/texmf-dist/tex/generic/oberdiek/ifpdf.sty
Package: ifpdf 2011/01/30 v2.3 Provides the ifpdf switch (HO)
Package ifpdf Info: pdfTeX in PDF mode is detected.
)
Package pdftexcmds Info: LuaTeX not detected.
Package pdftexcmds Info: \pdf@primitive is available.
Package pdftexcmds Info: \pdf@ifprimitive is available.
Package pdftexcmds Info: \pdfdraftmode found.
)
(/usr/share/texlive/texmf-dist/tex/latex/oberdiek/epstopdf-base.sty
Package: epstopdf-base 2010/02/09 v2.5 Base part for package epstopdf

(/usr/share/texlive/texmf-dist/tex/latex/oberdiek/grfext.sty
Package: grfext 2010/08/19 v1.1 Manage graphics extensions (HO)

(/usr/share/texlive/texmf-dist/tex/generic/oberdiek/kvdefinekeys.sty
Package: kvdefinekeys 2011/04/07 v1.3 Define keys (HO)
))
(/usr/share/texlive/texmf-dist/tex/latex/oberdiek/kvoptions.sty
Package: kvoptions 2011/06/30 v3.11 Key value format for package options (HO)

(/usr/share/texlive/texmf-dist/tex/generic/oberdiek/kvsetkeys.sty
Package: kvsetkeys 2012/04/25 v1.16 Key value parser (HO)

(/usr/share/texlive/texmf-dist/tex/generic/oberdiek/etexcmds.sty
Package: etexcmds 2011/02/16 v1.5 Avoid name clashes with e-TeX commands (HO)
Package etexcmds Info: Could not find \expanded.
(etexcmds)             That can mean that you are not using pdfTeX 1.50 or
(etexcmds)             that some package has redefined \expanded.
(etexcmds)             In the latter case, load this package earlier.
)))
Package grfext Info: Graphics extension search list:
(grfext)             [.png,.pdf,.jpg,.mps,.jpeg,.jbig2,.jb2,.PNG,.PDF,.JPG,.JPE
G,.JBIG2,.JB2,.eps]
(grfext)             \AppendGraphicsExtensions on input line 452.

(/usr/share/texlive/texmf-dist/tex/latex/latexconfig/epstopdf-sys.cfg
File: epstopdf-sys.cfg 2010/07/13 v1.3 Configuration of (r)epstopdf for TeX Liv
e
))
<power_spectrum.png, id=1, 578.16pt x 722.7pt>
File: power_spectrum.png Graphic file (type png)
 <use power_spectrum.png>
Package pdftex.def Info: power_spectrum.png used on input line 29.
(pdftex.def)             Requested size: 229.5pt x 286.86937pt.

<hann_window.png, id=3, 578.16pt x 722.7pt>
File: hann_window.png Graphic file (type png)
 <use hann_window.png>
Package pdftex.def Info: hann_window.png used on input line 44.
(pdftex.def)             Requested size: 229.5pt x 286.86937pt.

<hann_0.png, id=4, 578.16pt x 722.7pt>
File: hann_0.png Graphic file (type png)
 <use hann_0.png>
Package pdftex.def Info: hann_0.png used on input line 57.
(pdftex.def)             Requested size: 229.5pt x 286.86937pt.

<hann_1.png, id=5, 578.16pt x 722.7pt>
File: hann_1.png Graphic file (type png)
 <use hann_1.png>
Package pdftex.def Info: hann_1.png used on input line 66.
(pdftex.def)             Requested size: 229.5pt x 286.86937pt.

<blackman_harris.png, id=6, 1300.86pt x 722.7pt>
File: blackman_harris.png Graphic file (type png)
 <use blackman_harris.png>
Package pdftex.def Info: blackman_harris.png used on input line 75.
(pdftex.def)             Requested size: 469.0pt x 260.55775pt.


LaTeX Warning: Reference `eq:sin' on page 1 undefined on input line 81.


LaTeX Warning: Reference `eq:sin' on page 1 undefined on input line 81.

[1

{/var/lib/texmf/fonts/map/pdftex/updmap/pdftex.map} <./power_spectrum.png>]
[2 <./blackman_harris.png>] [3 <./hann_window.png> <./hann_0.png>]
<beats.png, id=28, 578.16pt x 433.62pt>
File: beats.png Graphic file (type png)
 <use beats.png>
Package pdftex.def Info: beats.png used on input line 95.
(pdftex.def)             Requested size: 229.5pt x 172.12163pt.

<stocks_time.png, id=29, 578.16pt x 1011.78pt>
File: stocks_time.png Graphic file (type png)
 <use stocks_time.png>
Package pdftex.def Info: stocks_time.png used on input line 114.
(pdftex.def)             Requested size: 229.5pt x 401.61713pt.

Underfull \vbox (badness 1939) has occurred while \output is active []

 [4 <./hann_1.png> <./beats.png>] <stocks_returns.png, id=35, 1011.78pt x 1011.
78pt>
File: stocks_returns.png Graphic file (type png)

<use stocks_returns.png>
Package pdftex.def Info: stocks_returns.png used on input line 131.
(pdftex.def)             Requested size: 469.0pt x 469.00618pt.
 <stocks_ac.png, id=36, 1011.78pt x 1011.78pt>
File: stocks_ac.png Graphic file (type png)

<use stocks_ac.png>
Package pdftex.def Info: stocks_ac.png used on input line 141.
(pdftex.def)             Requested size: 469.0pt x 469.00618pt.
 <stocks_power_spectrum.png, id=37, 1011.78pt x 867.24pt>
File: stocks_power_spectrum.png Graphic file (type png)

<use stocks_power_spectrum.png>
Package pdftex.def Info: stocks_power_spectrum.png used on input line 149.
(pdftex.def)             Requested size: 469.0pt x 402.00531pt.
 <dow.png, id=38, 867.24pt x 578.16pt>
File: dow.png Graphic file (type png)

<use dow.png>
Package pdftex.def Info: dow.png used on input line 160.
(pdftex.def)             Requested size: 469.0pt x 312.66931pt.
 <dow_ac.png, id=39, 578.16pt x 433.62pt>
File: dow_ac.png Graphic file (type png)
 <use dow_ac.png>
Package pdftex.def Info: dow_ac.png used on input line 168.
(pdftex.def)             Requested size: 229.5pt x 172.12163pt.

[5 <./stocks_time.png> <./dow_ac.png>] [6 <./stocks_returns.png>] [7 <./stocks_
ac.png>] [8 <./stocks_power_spectrum.png>] [9 <./dow.png>] (./austin_report.aux
)

LaTeX Warning: There were undefined references.

 ) 
Here is how much of TeX's memory you used:
 2162 strings out of 493304
 29253 string characters out of 6139871
 92929 words of memory out of 5000000
 5603 multiletter control sequences out of 15000+600000
 8571 words of font info for 31 fonts, out of 8000000 for 9000
 957 hyphenation exceptions out of 8191
 37i,5n,23p,545b,219s stack positions out of 5000i,500n,10000p,200000b,80000s
</usr/share/texlive/texmf-dist/fonts/type1/public/amsfonts/cm/cmbx10.pfb></us
r/share/texlive/texmf-dist/fonts/type1/public/amsfonts/cm/cmbx12.pfb></usr/shar
e/texlive/texmf-dist/fonts/type1/public/amsfonts/cm/cmex10.pfb></usr/share/texl
ive/texmf-dist/fonts/type1/public/amsfonts/cm/cmmi10.pfb></usr/share/texlive/te
xmf-dist/fonts/type1/public/amsfonts/cm/cmmi8.pfb></usr/share/texlive/texmf-dis
t/fonts/type1/public/amsfonts/cm/cmr10.pfb></usr/share/texlive/texmf-dist/fonts
/type1/public/amsfonts/cm/cmr8.pfb></usr/share/texlive/texmf-dist/fonts/type1/p
ublic/amsfonts/cm/cmsy10.pfb></usr/share/texlive/texmf-dist/fonts/type1/public/
amsfonts/cm/cmsy8.pfb>
Output written on austin_report.pdf (9 pages, 1302002 bytes).
PDF statistics:
 95 PDF objects out of 1000 (max. 8388607)
 50 compressed objects within 1 object stream
 0 named destinations out of 1000 (max. 500000)
 61 words of extra memory for PDF output out of 10000 (max. 10000000)

