This is pdfTeX, Version 3.14159265-2.6-1.40.16 (TeX Live 2015/W32TeX) (preloaded format=pdflatex 2015.9.10)  1 FEB 2018 21:05
entering extended mode
 restricted \write18 enabled.
 %&-line parsing enabled.
**./Lab1.tex
(./Lab1.tex
LaTeX2e <2015/01/01> patch level 2
Babel <3.9m> and hyphenation patterns for 79 languages loaded.
(c:/texlive/2015/texmf-dist/tex/latex/base/article.cls
Document Class: article 2014/09/29 v1.4h Standard LaTeX document class
(c:/texlive/2015/texmf-dist/tex/latex/base/size10.clo
File: size10.clo 2014/09/29 v1.4h Standard LaTeX file (size option)
)
\c@part=\count79
\c@section=\count80
\c@subsection=\count81
\c@subsubsection=\count82
\c@paragraph=\count83
\c@subparagraph=\count84
\c@figure=\count85
\c@table=\count86
\abovecaptionskip=\skip41
\belowcaptionskip=\skip42
\bibindent=\dimen102
)
(c:/texlive/2015/texmf-dist/tex/latex/graphics/graphicx.sty
Package: graphicx 2014/10/28 v1.0g Enhanced LaTeX Graphics (DPC,SPQR)

(c:/texlive/2015/texmf-dist/tex/latex/graphics/keyval.sty
Package: keyval 2014/10/28 v1.15 key=value parser (DPC)
\KV@toks@=\toks14
)
(c:/texlive/2015/texmf-dist/tex/latex/graphics/graphics.sty
Package: graphics 2014/10/28 v1.0p Standard LaTeX Graphics (DPC,SPQR)

(c:/texlive/2015/texmf-dist/tex/latex/graphics/trig.sty
Package: trig 1999/03/16 v1.09 sin cos tan (DPC)
)
(c:/texlive/2015/texmf-dist/tex/latex/latexconfig/graphics.cfg
File: graphics.cfg 2010/04/23 v1.9 graphics configuration of TeX Live
)
Package graphics Info: Driver file: pdftex.def on input line 94.

(c:/texlive/2015/texmf-dist/tex/latex/pdftex-def/pdftex.def
File: pdftex.def 2011/05/27 v0.06d Graphics/color for pdfTeX

(c:/texlive/2015/texmf-dist/tex/generic/oberdiek/infwarerr.sty
Package: infwarerr 2010/04/08 v1.3 Providing info/warning/error messages (HO)
)
(c:/texlive/2015/texmf-dist/tex/generic/oberdiek/ltxcmds.sty
Package: ltxcmds 2011/11/09 v1.22 LaTeX kernel commands for general use (HO)
)
\Gread@gobject=\count87
))
\Gin@req@height=\dimen103
\Gin@req@width=\dimen104
)
(c:/texlive/2015/texmf-dist/tex/latex/amsmath/amsmath.sty
Package: amsmath 2013/01/14 v2.14 AMS math features
\@mathmargin=\skip43

For additional information on amsmath, use the `?' option.
(c:/texlive/2015/texmf-dist/tex/latex/amsmath/amstext.sty
Package: amstext 2000/06/29 v2.01

(c:/texlive/2015/texmf-dist/tex/latex/amsmath/amsgen.sty
File: amsgen.sty 1999/11/30 v2.0
\@emptytoks=\toks15
\ex@=\dimen105
))
(c:/texlive/2015/texmf-dist/tex/latex/amsmath/amsbsy.sty
Package: amsbsy 1999/11/29 v1.2d
\pmbraise@=\dimen106
)
(c:/texlive/2015/texmf-dist/tex/latex/amsmath/amsopn.sty
Package: amsopn 1999/12/14 v2.01 operator names
)
\inf@bad=\count88
LaTeX Info: Redefining \frac on input line 210.
\uproot@=\count89
\leftroot@=\count90
LaTeX Info: Redefining \overline on input line 306.
\classnum@=\count91
\DOTSCASE@=\count92
LaTeX Info: Redefining \ldots on input line 378.
LaTeX Info: Redefining \dots on input line 381.
LaTeX Info: Redefining \cdots on input line 466.
\Mathstrutbox@=\box26
\strutbox@=\box27
\big@size=\dimen107
LaTeX Font Info:    Redeclaring font encoding OML on input line 566.
LaTeX Font Info:    Redeclaring font encoding OMS on input line 567.
\macc@depth=\count93
\c@MaxMatrixCols=\count94
\dotsspace@=\muskip10
\c@parentequation=\count95
\dspbrk@lvl=\count96
\tag@help=\toks16
\row@=\count97
\column@=\count98
\maxfields@=\count99
\andhelp@=\toks17
\eqnshift@=\dimen108
\alignsep@=\dimen109
\tagshift@=\dimen110
\tagwidth@=\dimen111
\totwidth@=\dimen112
\lineht@=\dimen113
\@envbody=\toks18
\multlinegap=\skip44
\multlinetaggap=\skip45
\mathdisplay@stack=\toks19
LaTeX Info: Redefining \[ on input line 2665.
LaTeX Info: Redefining \] on input line 2666.
)
(c:/texlive/2015/texmf-dist/tex/latex/float/float.sty
Package: float 2001/11/08 v1.3d Float enhancements (AL)
\c@float@type=\count100
\float@exts=\toks20
\float@box=\box28
\@float@everytoks=\toks21
\@floatcapt=\box29
)
(c:/texlive/2015/texmf-dist/tex/latex/amsfonts/amssymb.sty
Package: amssymb 2013/01/14 v3.01 AMS font symbols

(c:/texlive/2015/texmf-dist/tex/latex/amsfonts/amsfonts.sty
Package: amsfonts 2013/01/14 v3.01 Basic AMSFonts support
\symAMSa=\mathgroup4
\symAMSb=\mathgroup5
LaTeX Font Info:    Overwriting math alphabet `\mathfrak' in version `bold'
(Font)                  U/euf/m/n --> U/euf/b/n on input line 106.
))
(c:/texlive/2015/texmf-dist/tex/latex/hyperref/hyperref.sty
Package: hyperref 2012/11/06 v6.83m Hypertext links for LaTeX

(c:/texlive/2015/texmf-dist/tex/generic/oberdiek/hobsub-hyperref.sty
Package: hobsub-hyperref 2012/05/28 v1.13 Bundle oberdiek, subset hyperref (HO)


(c:/texlive/2015/texmf-dist/tex/generic/oberdiek/hobsub-generic.sty
Package: hobsub-generic 2012/05/28 v1.13 Bundle oberdiek, subset generic (HO)
Package: hobsub 2012/05/28 v1.13 Construct package bundles (HO)
Package hobsub Info: Skipping package `infwarerr' (already loaded).
Package hobsub Info: Skipping package `ltxcmds' (already loaded).
Package: ifluatex 2010/03/01 v1.3 Provides the ifluatex switch (HO)
Package ifluatex Info: LuaTeX not detected.
Package: ifvtex 2010/03/01 v1.5 Detect VTeX and its facilities (HO)
Package ifvtex Info: VTeX not detected.
Package: intcalc 2007/09/27 v1.1 Expandable calculations with integers (HO)
Package: ifpdf 2011/01/30 v2.3 Provides the ifpdf switch (HO)
Package ifpdf Info: pdfTeX in PDF mode is detected.
Package: etexcmds 2011/02/16 v1.5 Avoid name clashes with e-TeX commands (HO)
Package etexcmds Info: Could not find \expanded.
(etexcmds)             That can mean that you are not using pdfTeX 1.50 or
(etexcmds)             that some package has redefined \expanded.
(etexcmds)             In the latter case, load this package earlier.
Package: kvsetkeys 2012/04/25 v1.16 Key value parser (HO)
Package: kvdefinekeys 2011/04/07 v1.3 Define keys (HO)
Package: pdftexcmds 2011/11/29 v0.20 Utility functions of pdfTeX for LuaTeX (HO
)
Package pdftexcmds Info: LuaTeX not detected.
Package pdftexcmds Info: \pdf@primitive is available.
Package pdftexcmds Info: \pdf@ifprimitive is available.
Package pdftexcmds Info: \pdfdraftmode found.
Package: pdfescape 2011/11/25 v1.13 Implements pdfTeX's escape features (HO)
Package: bigintcalc 2012/04/08 v1.3 Expandable calculations on big integers (HO
)
Package: bitset 2011/01/30 v1.1 Handle bit-vector datatype (HO)
Package: uniquecounter 2011/01/30 v1.2 Provide unlimited unique counter (HO)
)
Package hobsub Info: Skipping package `hobsub' (already loaded).
Package: letltxmacro 2010/09/02 v1.4 Let assignment for LaTeX macros (HO)
Package: hopatch 2012/05/28 v1.2 Wrapper for package hooks (HO)
Package: xcolor-patch 2011/01/30 xcolor patch
Package: atveryend 2011/06/30 v1.8 Hooks at the very end of document (HO)
Package atveryend Info: \enddocument detected (standard20110627).
Package: atbegshi 2011/10/05 v1.16 At begin shipout hook (HO)
Package: refcount 2011/10/16 v3.4 Data extraction from label references (HO)
Package: hycolor 2011/01/30 v1.7 Color options for hyperref/bookmark (HO)
)
(c:/texlive/2015/texmf-dist/tex/generic/ifxetex/ifxetex.sty
Package: ifxetex 2010/09/12 v0.6 Provides ifxetex conditional
)
(c:/texlive/2015/texmf-dist/tex/latex/oberdiek/auxhook.sty
Package: auxhook 2011/03/04 v1.3 Hooks for auxiliary files (HO)
)
(c:/texlive/2015/texmf-dist/tex/latex/oberdiek/kvoptions.sty
Package: kvoptions 2011/06/30 v3.11 Key value format for package options (HO)
)
\@linkdim=\dimen114
\Hy@linkcounter=\count101
\Hy@pagecounter=\count102

(c:/texlive/2015/texmf-dist/tex/latex/hyperref/pd1enc.def
File: pd1enc.def 2012/11/06 v6.83m Hyperref: PDFDocEncoding definition (HO)
)
\Hy@SavedSpaceFactor=\count103

(c:/texlive/2015/texmf-dist/tex/latex/latexconfig/hyperref.cfg
File: hyperref.cfg 2002/06/06 v1.2 hyperref configuration of TeXLive
)
Package hyperref Info: Hyper figures OFF on input line 4443.
Package hyperref Info: Link nesting OFF on input line 4448.
Package hyperref Info: Hyper index ON on input line 4451.
Package hyperref Info: Plain pages OFF on input line 4458.
Package hyperref Info: Backreferencing OFF on input line 4463.
Package hyperref Info: Implicit mode ON; LaTeX internals redefined.
Package hyperref Info: Bookmarks ON on input line 4688.
\c@Hy@tempcnt=\count104

(c:/texlive/2015/texmf-dist/tex/latex/url/url.sty
\Urlmuskip=\muskip11
Package: url 2013/09/16  ver 3.4  Verb mode for urls, etc.
)
LaTeX Info: Redefining \url on input line 5041.
\XeTeXLinkMargin=\dimen115
\Fld@menulength=\count105
\Field@Width=\dimen116
\Fld@charsize=\dimen117
Package hyperref Info: Hyper figures OFF on input line 6295.
Package hyperref Info: Link nesting OFF on input line 6300.
Package hyperref Info: Hyper index ON on input line 6303.
Package hyperref Info: backreferencing OFF on input line 6310.
Package hyperref Info: Link coloring OFF on input line 6315.
Package hyperref Info: Link coloring with OCG OFF on input line 6320.
Package hyperref Info: PDF/A mode OFF on input line 6325.
LaTeX Info: Redefining \ref on input line 6365.
LaTeX Info: Redefining \pageref on input line 6369.
\Hy@abspage=\count106
\c@Item=\count107
\c@Hfootnote=\count108
)

Package hyperref Message: Driver (autodetected): hpdftex.

(c:/texlive/2015/texmf-dist/tex/latex/hyperref/hpdftex.def
File: hpdftex.def 2012/11/06 v6.83m Hyperref driver for pdfTeX
\Fld@listcount=\count109
\c@bookmark@seq@number=\count110

(c:/texlive/2015/texmf-dist/tex/latex/oberdiek/rerunfilecheck.sty
Package: rerunfilecheck 2011/04/15 v1.7 Rerun checks for auxiliary files (HO)
Package uniquecounter Info: New unique counter `rerunfilecheck' on input line 2
82.
)
\Hy@SectionHShift=\skip46
)
(c:/texlive/2015/texmf-dist/tex/latex/caption/caption.sty
Package: caption 2013/05/02 v3.3-89 Customizing captions (AR)

(c:/texlive/2015/texmf-dist/tex/latex/caption/caption3.sty
Package: caption3 2013/05/02 v1.6-88 caption3 kernel (AR)
Package caption3 Info: TeX engine: e-TeX on input line 57.
\captionmargin=\dimen118
\captionmargin@=\dimen119
\captionwidth=\dimen120
\caption@tempdima=\dimen121
\caption@indent=\dimen122
\caption@parindent=\dimen123
\caption@hangindent=\dimen124
)
\c@ContinuedFloat=\count111
Package caption Info: float package is loaded.
Package caption Info: hyperref package is loaded.
) (./Lab1.aux)
\openout1 = `Lab1.aux'.

LaTeX Font Info:    Checking defaults for OML/cmm/m/it on input line 11.
LaTeX Font Info:    ... okay on input line 11.
LaTeX Font Info:    Checking defaults for T1/cmr/m/n on input line 11.
LaTeX Font Info:    ... okay on input line 11.
LaTeX Font Info:    Checking defaults for OT1/cmr/m/n on input line 11.
LaTeX Font Info:    ... okay on input line 11.
LaTeX Font Info:    Checking defaults for OMS/cmsy/m/n on input line 11.
LaTeX Font Info:    ... okay on input line 11.
LaTeX Font Info:    Checking defaults for OMX/cmex/m/n on input line 11.
LaTeX Font Info:    ... okay on input line 11.
LaTeX Font Info:    Checking defaults for U/cmr/m/n on input line 11.
LaTeX Font Info:    ... okay on input line 11.
LaTeX Font Info:    Checking defaults for PD1/pdf/m/n on input line 11.
LaTeX Font Info:    ... okay on input line 11.

(c:/texlive/2015/texmf-dist/tex/context/base/supp-pdf.mkii
[Loading MPS to PDF converter (version 2006.09.02).]
\scratchcounter=\count112
\scratchdimen=\dimen125
\scratchbox=\box30
\nofMPsegments=\count113
\nofMParguments=\count114
\everyMPshowfont=\toks22
\MPscratchCnt=\count115
\MPscratchDim=\dimen126
\MPnumerator=\count116
\makeMPintoPDFobject=\count117
\everyMPtoPDFconversion=\toks23
) (c:/texlive/2015/texmf-dist/tex/latex/oberdiek/epstopdf-base.sty
Package: epstopdf-base 2010/02/09 v2.5 Base part for package epstopdf

(c:/texlive/2015/texmf-dist/tex/latex/oberdiek/grfext.sty
Package: grfext 2010/08/19 v1.1 Manage graphics extensions (HO)
)
Package grfext Info: Graphics extension search list:
(grfext)             [.png,.pdf,.jpg,.mps,.jpeg,.jbig2,.jb2,.PNG,.PDF,.JPG,.JPE
G,.JBIG2,.JB2,.eps]
(grfext)             \AppendGraphicsExtensions on input line 452.

(c:/texlive/2015/texmf-dist/tex/latex/latexconfig/epstopdf-sys.cfg
File: epstopdf-sys.cfg 2010/07/13 v1.3 Configuration of (r)epstopdf for TeX Liv
e
))
\AtBeginShipoutBox=\box31
Package hyperref Info: Link coloring OFF on input line 11.

(c:/texlive/2015/texmf-dist/tex/latex/hyperref/nameref.sty
Package: nameref 2012/10/27 v2.43 Cross-referencing by name of section

(c:/texlive/2015/texmf-dist/tex/generic/oberdiek/gettitlestring.sty
Package: gettitlestring 2010/12/03 v1.4 Cleanup title references (HO)
)
\c@section@level=\count118
)
LaTeX Info: Redefining \ref on input line 11.
LaTeX Info: Redefining \pageref on input line 11.
LaTeX Info: Redefining \nameref on input line 11.

(./Lab1.out) (./Lab1.out)
\@outlinefile=\write3
\openout3 = `Lab1.out'.

Package caption Info: Begin \AtBeginDocument code.
Package caption Info: End \AtBeginDocument code.
LaTeX Font Info:    Try loading font information for U+msa on input line 17.

(c:/texlive/2015/texmf-dist/tex/latex/amsfonts/umsa.fd
File: umsa.fd 2013/01/14 v3.01 AMS symbols A
)
LaTeX Font Info:    Try loading font information for U+msb on input line 17.

(c:/texlive/2015/texmf-dist/tex/latex/amsfonts/umsb.fd
File: umsb.fd 2013/01/14 v3.01 AMS symbols B
)
<fig1.png, id=51, 433.62pt x 289.08pt>
File: fig1.png Graphic file (type png)
 <use fig1.png>
Package pdftex.def Info: fig1.png used on input line 35.
(pdftex.def)             Requested size: 229.5pt x 152.99994pt.


LaTeX Warning: `h' float specifier changed to `ht'.

<fig2.png, id=53, 433.62pt x 289.08pt>
File: fig2.png Graphic file (type png)
 <use fig2.png>
Package pdftex.def Info: fig2.png used on input line 42.
(pdftex.def)             Requested size: 229.5pt x 152.99994pt.


LaTeX Warning: `h' float specifier changed to `ht'.

<fig3.png, id=56, 433.62pt x 289.08pt>
File: fig3.png Graphic file (type png)
 <use fig3.png>
Package pdftex.def Info: fig3.png used on input line 51.
(pdftex.def)             Requested size: 229.5pt x 152.99994pt.

Underfull \vbox (badness 10000) has occurred while \output is active []

 [1{c:/texlive/2015/texmf-var/fonts/map/pdftex/updmap/pdftex.map}


]
<fig4.png, id=74, 433.62pt x 289.08pt>
File: fig4.png Graphic file (type png)
 <use fig4.png>
Package pdftex.def Info: fig4.png used on input line 62.
(pdftex.def)             Requested size: 229.5pt x 152.99994pt.


LaTeX Warning: `h' float specifier changed to `ht'.

<fig5.png, id=77, 433.62pt x 289.08pt>
File: fig5.png Graphic file (type png)
 <use fig5.png>
Package pdftex.def Info: fig5.png used on input line 69.
(pdftex.def)             Requested size: 229.5pt x 152.99994pt.


LaTeX Warning: `h' float specifier changed to `ht'.

[2 <./fig1.png> <./fig3.png> <./fig2.png>] [3 <./fig4.png> <./fig5.png>]
<fig6.png, id=105, 433.62pt x 289.08pt>
File: fig6.png Graphic file (type png)
 <use fig6.png>
Package pdftex.def Info: fig6.png used on input line 129.
(pdftex.def)             Requested size: 229.5pt x 152.99994pt.

<fig7.png, id=108, 433.62pt x 289.08pt>
File: fig7.png Graphic file (type png)
 <use fig7.png>
Package pdftex.def Info: fig7.png used on input line 136.
(pdftex.def)             Requested size: 229.5pt x 152.99994pt.

<fig8.png, id=111, 433.62pt x 289.08pt>
File: fig8.png Graphic file (type png)
 <use fig8.png>
Package pdftex.def Info: fig8.png used on input line 143.
(pdftex.def)             Requested size: 229.5pt x 152.99994pt.


LaTeX Warning: `h' float specifier changed to `ht'.

<fig9.png, id=114, 433.62pt x 289.08pt>
File: fig9.png Graphic file (type png)
 <use fig9.png>
Package pdftex.def Info: fig9.png used on input line 152.
(pdftex.def)             Requested size: 229.5pt x 152.99994pt.


LaTeX Warning: `h' float specifier changed to `ht'.

<fig10.png, id=115, 433.62pt x 289.08pt>
File: fig10.png Graphic file (type png)
 <use fig10.png>
Package pdftex.def Info: fig10.png used on input line 159.
(pdftex.def)             Requested size: 229.5pt x 152.99994pt.


LaTeX Warning: `h' float specifier changed to `ht'.

<fig11.png, id=118, 433.62pt x 289.08pt>
File: fig11.png Graphic file (type png)
 <use fig11.png>
Package pdftex.def Info: fig11.png used on input line 168.
(pdftex.def)             Requested size: 229.5pt x 152.99994pt.

<fig12.png, id=119, 433.62pt x 289.08pt>
File: fig12.png Graphic file (type png)
 <use fig12.png>
Package pdftex.def Info: fig12.png used on input line 175.
(pdftex.def)             Requested size: 229.5pt x 152.99994pt.
 [4 <./fig6.png> <./fig7.png>] <fig13.png, id=135, 433.62pt x 289.08pt>
File: fig13.png Graphic file (type png)
 <use fig13.png>
Package pdftex.def Info: fig13.png used on input line 207.
(pdftex.def)             Requested size: 229.5pt x 152.99994pt.

<fig14.png, id=137, 433.62pt x 289.08pt>
File: fig14.png Graphic file (type png)
 <use fig14.png>
Package pdftex.def Info: fig14.png used on input line 239.
(pdftex.def)             Requested size: 229.5pt x 152.99994pt.
 [5 <./fig8.png> <./fig9.png>] [6 <./fig10.png> <./fig11.png> <./fig12.png>]
<mcmc1.png, id=163, 578.16pt x 722.7pt>
File: mcmc1.png Graphic file (type png)
 <use mcmc1.png>
Package pdftex.def Info: mcmc1.png used on input line 328.
(pdftex.def)             Requested size: 229.5pt x 286.86937pt.
 [7 <./fig13.png> <./fig14.png>] <mcmc2.png, id=179, 578.16pt x 722.7pt>
File: mcmc2.png Graphic file (type png)
 <use mcmc2.png>
Package pdftex.def Info: mcmc2.png used on input line 356.
(pdftex.def)             Requested size: 229.5pt x 286.86937pt.

<burn1.png, id=184, 578.16pt x 722.7pt>
File: burn1.png Graphic file (type png)
 <use burn1.png>
Package pdftex.def Info: burn1.png used on input line 375.
(pdftex.def)             Requested size: 229.5pt x 286.86937pt.

<burn2.png, id=187, 578.16pt x 722.7pt>
File: burn2.png Graphic file (type png)
 <use burn2.png>
Package pdftex.def Info: burn2.png used on input line 387.
(pdftex.def)             Requested size: 229.5pt x 286.86937pt.
 [8 <./mcmc1.png>]
[9 <./mcmc2.png> <./burn1.png>] [10 <./burn2.png>]
<"function 1".png, id=218, 578.16pt x 325.215pt>
File: "function 1".png Graphic file (type png)
 <use "function 1".png>
Package pdftex.def Info: "function 1".png used on input line 444.
(pdftex.def)             Requested size: 229.5pt x 129.09122pt.

<"function 2".png, id=219, 578.16pt x 325.215pt>
File: "function 2".png Graphic file (type png)
 <use "function 2".png>
Package pdftex.def Info: "function 2".png used on input line 451.
(pdftex.def)             Requested size: 229.5pt x 129.09122pt.

<"function 3".png, id=220, 578.16pt x 325.215pt>
File: "function 3".png Graphic file (type png)
 <use "function 3".png>
Package pdftex.def Info: "function 3".png used on input line 458.
(pdftex.def)             Requested size: 229.5pt x 129.09122pt.

Underfull \hbox (badness 1142) in paragraph at lines 465--466
[]\OT1/cmr/m/n/10 The time to eval-u-ate all three func-tions was
 []

<"figure 1 maximum".png, id=226, 433.62pt x 289.08pt>
File: "figure 1 maximum".png Graphic file (type png)

<use "figure 1 maximum".png>
Package pdftex.def Info: "figure 1 maximum".png used on input line 483.
(pdftex.def)             Requested size: 229.5pt x 152.99994pt.

<"function 2 maximum".png, id=227, 433.62pt x 289.08pt>
File: "function 2 maximum".png Graphic file (type png)

<use "function 2 maximum".png>
Package pdftex.def Info: "function 2 maximum".png used on input line 490.
(pdftex.def)             Requested size: 229.5pt x 152.99994pt.

<"function 3 maximum".png, id=228, 433.62pt x 289.08pt>
File: "function 3 maximum".png Graphic file (type png)

<use "function 3 maximum".png>
Package pdftex.def Info: "function 3 maximum".png used on input line 497.
(pdftex.def)             Requested size: 229.5pt x 152.99994pt.


LaTeX Warning: `h' float specifier changed to `ht'.

[11 <./function 1.png> <./function 2.png> <./function 3.png>]
Underfull \vbox (badness 2698) has occurred while \output is active []

 [12 <./figure 1 maximum.png> <./function 2 maximum.png> <./function 3 maximum.
png>]
[13]
Package atveryend Info: Empty hook `BeforeClearDocument' on input line 533.
 [14

]
Package atveryend Info: Empty hook `AfterLastShipout' on input line 533.
 (./Lab1.aux)
Package atveryend Info: Executing hook `AtVeryEndDocument' on input line 533.
Package atveryend Info: Executing hook `AtEndAfterFileList' on input line 533.
Package rerunfilecheck Info: File `Lab1.out' has not changed.
(rerunfilecheck)             Checksum: 9AC5025161227F6C37F34577EDF612F0;612.
Package atveryend Info: Empty hook `AtVeryVeryEnd' on input line 533.
 ) 
Here is how much of TeX's memory you used:
 7227 strings out of 493091
 107131 string characters out of 6138525
 203830 words of memory out of 5000000
 10554 multiletter control sequences out of 15000+600000
 11709 words of font info for 46 fonts, out of 8000000 for 9000
 1141 hyphenation exceptions out of 8191
 36i,19n,38p,1162b,343s stack positions out of 5000i,500n,10000p,200000b,80000s
<c:/texlive/2015/texmf-dist/fonts/type1/public/amsfonts/cm/cmbx12.pfb><c:/tex
live/2015/texmf-dist/fonts/type1/public/amsfonts/cm/cmex10.pfb><c:/texlive/2015
/texmf-dist/fonts/type1/public/amsfonts/cm/cmmi10.pfb><c:/texlive/2015/texmf-di
st/fonts/type1/public/amsfonts/cm/cmmi5.pfb><c:/texlive/2015/texmf-dist/fonts/t
ype1/public/amsfonts/cm/cmmi7.pfb><c:/texlive/2015/texmf-dist/fonts/type1/publi
c/amsfonts/cm/cmr10.pfb><c:/texlive/2015/texmf-dist/fonts/type1/public/amsfonts
/cm/cmr12.pfb><c:/texlive/2015/texmf-dist/fonts/type1/public/amsfonts/cm/cmr17.
pfb><c:/texlive/2015/texmf-dist/fonts/type1/public/amsfonts/cm/cmr5.pfb><c:/tex
live/2015/texmf-dist/fonts/type1/public/amsfonts/cm/cmr7.pfb><c:/texlive/2015/t
exmf-dist/fonts/type1/public/amsfonts/cm/cmsy10.pfb><c:/texlive/2015/texmf-dist
/fonts/type1/public/amsfonts/cm/cmsy5.pfb><c:/texlive/2015/texmf-dist/fonts/typ
e1/public/amsfonts/cm/cmsy7.pfb><c:/texlive/2015/texmf-dist/fonts/type1/public/
amsfonts/cm/cmti10.pfb><c:/texlive/2015/texmf-dist/fonts/type1/public/amsfonts/
cm/cmtt10.pfb>
Output written on Lab1.pdf (14 pages, 1411294 bytes).
PDF statistics:
 336 PDF objects out of 1000 (max. 8388607)
 246 compressed objects within 3 object streams
 73 named destinations out of 1000 (max. 500000)
 209 words of extra memory for PDF output out of 10000 (max. 10000000)

