This is pdfTeX, Version 3.14159265-2.6-1.40.16 (TeX Live 2015/W32TeX) (preloaded format=pdflatex 2015.9.10)  12 APR 2018 20:48
entering extended mode
 restricted \write18 enabled.
 %&-line parsing enabled.
**./Lab3.tex
(./Lab3.tex
LaTeX2e <2015/01/01> patch level 2
Babel <3.9m> and hyphenation patterns for 79 languages loaded.
(c:/texlive/2015/texmf-dist/tex/latex/base/article.cls
Document Class: article 2014/09/29 v1.4h Standard LaTeX document class
(c:/texlive/2015/texmf-dist/tex/latex/base/size10.clo
File: size10.clo 2014/09/29 v1.4h Standard LaTeX file (size option)
)
\c@part=\count79
\c@section=\count80
\c@subsection=\count81
\c@subsubsection=\count82
\c@paragraph=\count83
\c@subparagraph=\count84
\c@figure=\count85
\c@table=\count86
\abovecaptionskip=\skip41
\belowcaptionskip=\skip42
\bibindent=\dimen102
)
(c:/texlive/2015/texmf-dist/tex/latex/graphics/graphicx.sty
Package: graphicx 2014/10/28 v1.0g Enhanced LaTeX Graphics (DPC,SPQR)

(c:/texlive/2015/texmf-dist/tex/latex/graphics/keyval.sty
Package: keyval 2014/10/28 v1.15 key=value parser (DPC)
\KV@toks@=\toks14
)
(c:/texlive/2015/texmf-dist/tex/latex/graphics/graphics.sty
Package: graphics 2014/10/28 v1.0p Standard LaTeX Graphics (DPC,SPQR)

(c:/texlive/2015/texmf-dist/tex/latex/graphics/trig.sty
Package: trig 1999/03/16 v1.09 sin cos tan (DPC)
)
(c:/texlive/2015/texmf-dist/tex/latex/latexconfig/graphics.cfg
File: graphics.cfg 2010/04/23 v1.9 graphics configuration of TeX Live
)
Package graphics Info: Driver file: pdftex.def on input line 94.

(c:/texlive/2015/texmf-dist/tex/latex/pdftex-def/pdftex.def
File: pdftex.def 2011/05/27 v0.06d Graphics/color for pdfTeX

(c:/texlive/2015/texmf-dist/tex/generic/oberdiek/infwarerr.sty
Package: infwarerr 2010/04/08 v1.3 Providing info/warning/error messages (HO)
)
(c:/texlive/2015/texmf-dist/tex/generic/oberdiek/ltxcmds.sty
Package: ltxcmds 2011/11/09 v1.22 LaTeX kernel commands for general use (HO)
)
\Gread@gobject=\count87
))
\Gin@req@height=\dimen103
\Gin@req@width=\dimen104
)
(c:/texlive/2015/texmf-dist/tex/latex/amsmath/amsmath.sty
Package: amsmath 2013/01/14 v2.14 AMS math features
\@mathmargin=\skip43

For additional information on amsmath, use the `?' option.
(c:/texlive/2015/texmf-dist/tex/latex/amsmath/amstext.sty
Package: amstext 2000/06/29 v2.01

(c:/texlive/2015/texmf-dist/tex/latex/amsmath/amsgen.sty
File: amsgen.sty 1999/11/30 v2.0
\@emptytoks=\toks15
\ex@=\dimen105
))
(c:/texlive/2015/texmf-dist/tex/latex/amsmath/amsbsy.sty
Package: amsbsy 1999/11/29 v1.2d
\pmbraise@=\dimen106
)
(c:/texlive/2015/texmf-dist/tex/latex/amsmath/amsopn.sty
Package: amsopn 1999/12/14 v2.01 operator names
)
\inf@bad=\count88
LaTeX Info: Redefining \frac on input line 210.
\uproot@=\count89
\leftroot@=\count90
LaTeX Info: Redefining \overline on input line 306.
\classnum@=\count91
\DOTSCASE@=\count92
LaTeX Info: Redefining \ldots on input line 378.
LaTeX Info: Redefining \dots on input line 381.
LaTeX Info: Redefining \cdots on input line 466.
\Mathstrutbox@=\box26
\strutbox@=\box27
\big@size=\dimen107
LaTeX Font Info:    Redeclaring font encoding OML on input line 566.
LaTeX Font Info:    Redeclaring font encoding OMS on input line 567.
\macc@depth=\count93
\c@MaxMatrixCols=\count94
\dotsspace@=\muskip10
\c@parentequation=\count95
\dspbrk@lvl=\count96
\tag@help=\toks16
\row@=\count97
\column@=\count98
\maxfields@=\count99
\andhelp@=\toks17
\eqnshift@=\dimen108
\alignsep@=\dimen109
\tagshift@=\dimen110
\tagwidth@=\dimen111
\totwidth@=\dimen112
\lineht@=\dimen113
\@envbody=\toks18
\multlinegap=\skip44
\multlinetaggap=\skip45
\mathdisplay@stack=\toks19
LaTeX Info: Redefining \[ on input line 2665.
LaTeX Info: Redefining \] on input line 2666.
)
(c:/texlive/2015/texmf-dist/tex/latex/float/float.sty
Package: float 2001/11/08 v1.3d Float enhancements (AL)
\c@float@type=\count100
\float@exts=\toks20
\float@box=\box28
\@float@everytoks=\toks21
\@floatcapt=\box29
)
(c:/texlive/2015/texmf-dist/tex/latex/amsfonts/amssymb.sty
Package: amssymb 2013/01/14 v3.01 AMS font symbols

(c:/texlive/2015/texmf-dist/tex/latex/amsfonts/amsfonts.sty
Package: amsfonts 2013/01/14 v3.01 Basic AMSFonts support
\symAMSa=\mathgroup4
\symAMSb=\mathgroup5
LaTeX Font Info:    Overwriting math alphabet `\mathfrak' in version `bold'
(Font)                  U/euf/m/n --> U/euf/b/n on input line 106.
))
(c:/texlive/2015/texmf-dist/tex/latex/hyperref/hyperref.sty
Package: hyperref 2012/11/06 v6.83m Hypertext links for LaTeX

(c:/texlive/2015/texmf-dist/tex/generic/oberdiek/hobsub-hyperref.sty
Package: hobsub-hyperref 2012/05/28 v1.13 Bundle oberdiek, subset hyperref (HO)


(c:/texlive/2015/texmf-dist/tex/generic/oberdiek/hobsub-generic.sty
Package: hobsub-generic 2012/05/28 v1.13 Bundle oberdiek, subset generic (HO)
Package: hobsub 2012/05/28 v1.13 Construct package bundles (HO)
Package hobsub Info: Skipping package `infwarerr' (already loaded).
Package hobsub Info: Skipping package `ltxcmds' (already loaded).
Package: ifluatex 2010/03/01 v1.3 Provides the ifluatex switch (HO)
Package ifluatex Info: LuaTeX not detected.
Package: ifvtex 2010/03/01 v1.5 Detect VTeX and its facilities (HO)
Package ifvtex Info: VTeX not detected.
Package: intcalc 2007/09/27 v1.1 Expandable calculations with integers (HO)
Package: ifpdf 2011/01/30 v2.3 Provides the ifpdf switch (HO)
Package ifpdf Info: pdfTeX in PDF mode is detected.
Package: etexcmds 2011/02/16 v1.5 Avoid name clashes with e-TeX commands (HO)
Package etexcmds Info: Could not find \expanded.
(etexcmds)             That can mean that you are not using pdfTeX 1.50 or
(etexcmds)             that some package has redefined \expanded.
(etexcmds)             In the latter case, load this package earlier.
Package: kvsetkeys 2012/04/25 v1.16 Key value parser (HO)
Package: kvdefinekeys 2011/04/07 v1.3 Define keys (HO)
Package: pdftexcmds 2011/11/29 v0.20 Utility functions of pdfTeX for LuaTeX (HO
)
Package pdftexcmds Info: LuaTeX not detected.
Package pdftexcmds Info: \pdf@primitive is available.
Package pdftexcmds Info: \pdf@ifprimitive is available.
Package pdftexcmds Info: \pdfdraftmode found.
Package: pdfescape 2011/11/25 v1.13 Implements pdfTeX's escape features (HO)
Package: bigintcalc 2012/04/08 v1.3 Expandable calculations on big integers (HO
)
Package: bitset 2011/01/30 v1.1 Handle bit-vector datatype (HO)
Package: uniquecounter 2011/01/30 v1.2 Provide unlimited unique counter (HO)
)
Package hobsub Info: Skipping package `hobsub' (already loaded).
Package: letltxmacro 2010/09/02 v1.4 Let assignment for LaTeX macros (HO)
Package: hopatch 2012/05/28 v1.2 Wrapper for package hooks (HO)
Package: xcolor-patch 2011/01/30 xcolor patch
Package: atveryend 2011/06/30 v1.8 Hooks at the very end of document (HO)
Package atveryend Info: \enddocument detected (standard20110627).
Package: atbegshi 2011/10/05 v1.16 At begin shipout hook (HO)
Package: refcount 2011/10/16 v3.4 Data extraction from label references (HO)
Package: hycolor 2011/01/30 v1.7 Color options for hyperref/bookmark (HO)
)
(c:/texlive/2015/texmf-dist/tex/generic/ifxetex/ifxetex.sty
Package: ifxetex 2010/09/12 v0.6 Provides ifxetex conditional
)
(c:/texlive/2015/texmf-dist/tex/latex/oberdiek/auxhook.sty
Package: auxhook 2011/03/04 v1.3 Hooks for auxiliary files (HO)
)
(c:/texlive/2015/texmf-dist/tex/latex/oberdiek/kvoptions.sty
Package: kvoptions 2011/06/30 v3.11 Key value format for package options (HO)
)
\@linkdim=\dimen114
\Hy@linkcounter=\count101
\Hy@pagecounter=\count102

(c:/texlive/2015/texmf-dist/tex/latex/hyperref/pd1enc.def
File: pd1enc.def 2012/11/06 v6.83m Hyperref: PDFDocEncoding definition (HO)
)
\Hy@SavedSpaceFactor=\count103

(c:/texlive/2015/texmf-dist/tex/latex/latexconfig/hyperref.cfg
File: hyperref.cfg 2002/06/06 v1.2 hyperref configuration of TeXLive
)
Package hyperref Info: Hyper figures OFF on input line 4443.
Package hyperref Info: Link nesting OFF on input line 4448.
Package hyperref Info: Hyper index ON on input line 4451.
Package hyperref Info: Plain pages OFF on input line 4458.
Package hyperref Info: Backreferencing OFF on input line 4463.
Package hyperref Info: Implicit mode ON; LaTeX internals redefined.
Package hyperref Info: Bookmarks ON on input line 4688.
\c@Hy@tempcnt=\count104

(c:/texlive/2015/texmf-dist/tex/latex/url/url.sty
\Urlmuskip=\muskip11
Package: url 2013/09/16  ver 3.4  Verb mode for urls, etc.
)
LaTeX Info: Redefining \url on input line 5041.
\XeTeXLinkMargin=\dimen115
\Fld@menulength=\count105
\Field@Width=\dimen116
\Fld@charsize=\dimen117
Package hyperref Info: Hyper figures OFF on input line 6295.
Package hyperref Info: Link nesting OFF on input line 6300.
Package hyperref Info: Hyper index ON on input line 6303.
Package hyperref Info: backreferencing OFF on input line 6310.
Package hyperref Info: Link coloring OFF on input line 6315.
Package hyperref Info: Link coloring with OCG OFF on input line 6320.
Package hyperref Info: PDF/A mode OFF on input line 6325.
LaTeX Info: Redefining \ref on input line 6365.
LaTeX Info: Redefining \pageref on input line 6369.
\Hy@abspage=\count106
\c@Item=\count107
\c@Hfootnote=\count108
)

Package hyperref Message: Driver (autodetected): hpdftex.

(c:/texlive/2015/texmf-dist/tex/latex/hyperref/hpdftex.def
File: hpdftex.def 2012/11/06 v6.83m Hyperref driver for pdfTeX
\Fld@listcount=\count109
\c@bookmark@seq@number=\count110

(c:/texlive/2015/texmf-dist/tex/latex/oberdiek/rerunfilecheck.sty
Package: rerunfilecheck 2011/04/15 v1.7 Rerun checks for auxiliary files (HO)
Package uniquecounter Info: New unique counter `rerunfilecheck' on input line 2
82.
)
\Hy@SectionHShift=\skip46
)
(c:/texlive/2015/texmf-dist/tex/latex/caption/caption.sty
Package: caption 2013/05/02 v3.3-89 Customizing captions (AR)

(c:/texlive/2015/texmf-dist/tex/latex/caption/caption3.sty
Package: caption3 2013/05/02 v1.6-88 caption3 kernel (AR)
Package caption3 Info: TeX engine: e-TeX on input line 57.
\captionmargin=\dimen118
\captionmargin@=\dimen119
\captionwidth=\dimen120
\caption@tempdima=\dimen121
\caption@indent=\dimen122
\caption@parindent=\dimen123
\caption@hangindent=\dimen124
)
\c@ContinuedFloat=\count111
Package caption Info: float package is loaded.
Package caption Info: hyperref package is loaded.
) (./Lab3.aux)
\openout1 = `Lab3.aux'.

LaTeX Font Info:    Checking defaults for OML/cmm/m/it on input line 11.
LaTeX Font Info:    ... okay on input line 11.
LaTeX Font Info:    Checking defaults for T1/cmr/m/n on input line 11.
LaTeX Font Info:    ... okay on input line 11.
LaTeX Font Info:    Checking defaults for OT1/cmr/m/n on input line 11.
LaTeX Font Info:    ... okay on input line 11.
LaTeX Font Info:    Checking defaults for OMS/cmsy/m/n on input line 11.
LaTeX Font Info:    ... okay on input line 11.
LaTeX Font Info:    Checking defaults for OMX/cmex/m/n on input line 11.
LaTeX Font Info:    ... okay on input line 11.
LaTeX Font Info:    Checking defaults for U/cmr/m/n on input line 11.
LaTeX Font Info:    ... okay on input line 11.
LaTeX Font Info:    Checking defaults for PD1/pdf/m/n on input line 11.
LaTeX Font Info:    ... okay on input line 11.

(c:/texlive/2015/texmf-dist/tex/context/base/supp-pdf.mkii
[Loading MPS to PDF converter (version 2006.09.02).]
\scratchcounter=\count112
\scratchdimen=\dimen125
\scratchbox=\box30
\nofMPsegments=\count113
\nofMParguments=\count114
\everyMPshowfont=\toks22
\MPscratchCnt=\count115
\MPscratchDim=\dimen126
\MPnumerator=\count116
\makeMPintoPDFobject=\count117
\everyMPtoPDFconversion=\toks23
) (c:/texlive/2015/texmf-dist/tex/latex/oberdiek/epstopdf-base.sty
Package: epstopdf-base 2010/02/09 v2.5 Base part for package epstopdf

(c:/texlive/2015/texmf-dist/tex/latex/oberdiek/grfext.sty
Package: grfext 2010/08/19 v1.1 Manage graphics extensions (HO)
)
Package grfext Info: Graphics extension search list:
(grfext)             [.png,.pdf,.jpg,.mps,.jpeg,.jbig2,.jb2,.PNG,.PDF,.JPG,.JPE
G,.JBIG2,.JB2,.eps]
(grfext)             \AppendGraphicsExtensions on input line 452.

(c:/texlive/2015/texmf-dist/tex/latex/latexconfig/epstopdf-sys.cfg
File: epstopdf-sys.cfg 2010/07/13 v1.3 Configuration of (r)epstopdf for TeX Liv
e
))
\AtBeginShipoutBox=\box31
Package hyperref Info: Link coloring OFF on input line 11.

(c:/texlive/2015/texmf-dist/tex/latex/hyperref/nameref.sty
Package: nameref 2012/10/27 v2.43 Cross-referencing by name of section

(c:/texlive/2015/texmf-dist/tex/generic/oberdiek/gettitlestring.sty
Package: gettitlestring 2010/12/03 v1.4 Cleanup title references (HO)
)
\c@section@level=\count118
)
LaTeX Info: Redefining \ref on input line 11.
LaTeX Info: Redefining \pageref on input line 11.
LaTeX Info: Redefining \nameref on input line 11.

(./Lab3.out) (./Lab3.out)
\@outlinefile=\write3
\openout3 = `Lab3.out'.

Package caption Info: Begin \AtBeginDocument code.
Package caption Info: End \AtBeginDocument code.
LaTeX Font Info:    Try loading font information for U+msa on input line 17.

(c:/texlive/2015/texmf-dist/tex/latex/amsfonts/umsa.fd
File: umsa.fd 2013/01/14 v3.01 AMS symbols A
)
LaTeX Font Info:    Try loading font information for U+msb on input line 17.

(c:/texlive/2015/texmf-dist/tex/latex/amsfonts/umsb.fd
File: umsb.fd 2013/01/14 v3.01 AMS symbols B
)
Underfull \hbox (badness 1205) in paragraph at lines 19--20
\OT1/cmr/m/n/10 put into an-a-lyt-i-cally eval-u-at-ing these equa-tions.
 []

[1{c:/texlive/2015/texmf-var/fonts/map/pdftex/updmap/pdftex.map}


]
Underfull \vbox (badness 10000) has occurred while \output is active []

 [2]
Underfull \hbox (badness 10000) in paragraph at lines 94--95
\OT1/cmr/m/n/10 ac-cessed at []$\OT1/cmtt/m/n/10 http : / / www . jb . man . ac
 . uk /
 []


Underfull \hbox (badness 10000) in paragraph at lines 94--95
\OT1/cmtt/m/n/10 distance / frontiers / pulsars / section1 .
 []


LaTeX Warning: Reference `schemes' on page 3 undefined on input line 99.


Underfull \vbox (badness 10000) has occurred while \output is active []

 [3]
Overfull \hbox (6.87639pt too wide) in paragraph at lines 140--140
[] 
 []


Underfull \hbox (badness 1320) in paragraph at lines 147--148
[]\OT1/cmr/m/n/10 The it-er-a-tive method was tested us-ing a set
 []


Underfull \hbox (badness 1286) in paragraph at lines 147--148
\OT1/cmr/m/n/10 of bound-ary con-di-tions $\OML/cmm/m/it/10 u\OT1/cmr/m/n/10 (\
OML/cmm/m/it/10 x; \OT1/cmr/m/n/10 0) = \OML/cmm/m/it/10 u\OT1/cmr/m/n/10 (\OML
/cmm/m/it/10 x; \OT1/cmr/m/n/10 10\OML/cmm/m/it/10 :\OT1/cmr/m/n/10 0) =
 []

<low_res_iterative.png, id=101, 433.62pt x 289.08pt>
File: low_res_iterative.png Graphic file (type png)

<use low_res_iterative.png>
Package pdftex.def Info: low_res_iterative.png used on input line 151.
(pdftex.def)             Requested size: 229.5pt x 152.99994pt.
 <relaxation.png, id=103, 433.62pt x 289.08pt>
File: relaxation.png Graphic file (type png)

<use relaxation.png>
Package pdftex.def Info: relaxation.png used on input line 158.
(pdftex.def)             Requested size: 229.5pt x 152.99994pt.
 [4 <./low_res_iterative.png>]
<capacitor_methods.png, id=119, 433.62pt x 289.08pt>
File: capacitor_methods.png Graphic file (type png)

<use capacitor_methods.png>
Package pdftex.def Info: capacitor_methods.png used on input line 175.
(pdftex.def)             Requested size: 229.5pt x 152.99994pt.

Underfull \hbox (badness 1038) in paragraph at lines 181--182
\OT1/cmr/m/n/10 Schr^^?odinger equa-tion that was a vari-ant of the
 []


Underfull \hbox (badness 10000) in paragraph at lines 198--198
[]\OT1/cmr/m/n/10 Time to
 []


Underfull \hbox (badness 10000) in paragraph at lines 198--198
\OT1/cmr/m/n/10 com-pute
 []


Underfull \hbox (badness 10000) in paragraph at lines 198--198
[]\OT1/cmr/m/n/10 Time to
 []


Underfull \hbox (badness 10000) in paragraph at lines 198--198
\OT1/cmr/m/n/10 com-pute
 []

<schroe_alpha_1.png, id=122, 1156.32pt x 722.7pt>
File: schroe_alpha_1.png Graphic file (type png)
 <use schroe_alpha_1.png>
Package pdftex.def Info: schroe_alpha_1.png used on input line 220.
(pdftex.def)             Requested size: 469.0pt x 293.12196pt.

<schroe_alpha_1000.png, id=123, 1156.32pt x 722.7pt>
File: schroe_alpha_1000.png Graphic file (type png)

<use schroe_alpha_1000.png>
Package pdftex.def Info: schroe_alpha_1000.png used on input line 227.
(pdftex.def)             Requested size: 469.0pt x 293.12196pt.

Underfull \vbox (badness 10000) has occurred while \output is active []

 [5 <./relaxation.png> <./capacitor_methods.png>] [6 <./schroe_alpha_1.png>] [7
 <./schroe_alpha_1000.png>]
<phys581-Lab3-package-2018/exe-dir/drops.png, id=149, 1204.5pt x 1003.75pt>
File: phys581-Lab3-package-2018/exe-dir/drops.png Graphic file (type png)

<use phys581-Lab3-package-2018/exe-dir/drops.png>
Package pdftex.def Info: phys581-Lab3-package-2018/exe-dir/drops.png used on in
put line 243.
(pdftex.def)             Requested size: 229.5pt x 191.25053pt.

<phys581-Lab3-package-2018/exe-dir/drops_vector.png, id=150, 2409.0pt x 2007.5p
t>
File: phys581-Lab3-package-2018/exe-dir/drops_vector.png Graphic file (type png
)
 <use phys581-Lab3-package-2018/exe-dir/drops_vector.png>
Package pdftex.def Info: phys581-Lab3-package-2018/exe-dir/drops_vector.png use
d on input line 250.
(pdftex.def)             Requested size: 229.5pt x 191.23523pt.
 [8 <./phys581-Lab3-package-2018/exe-dir/drops.png>] [9 <./phys581-Lab3-package
-2018/exe-dir/drops_vector.png>]
<phys581-Lab3-package-2018/exe-dir/jet.png, id=173, 1204.5pt x 1003.75pt>
File: phys581-Lab3-package-2018/exe-dir/jet.png Graphic file (type png)

<use phys581-Lab3-package-2018/exe-dir/jet.png>
Package pdftex.def Info: phys581-Lab3-package-2018/exe-dir/jet.png used on inpu
t line 288.
(pdftex.def)             Requested size: 229.5pt x 191.25053pt.

<phys581-Lab3-package-2018/exe-dir/jet_vector.png, id=174, 2409.0pt x 2007.5pt>
File: phys581-Lab3-package-2018/exe-dir/jet_vector.png Graphic file (type png)
<use phys581-Lab3-package-2018/exe-dir/jet_vector.png>
Package pdftex.def Info: phys581-Lab3-package-2018/exe-dir/jet_vector.png used 
on input line 295.
(pdftex.def)             Requested size: 160.64929pt x 133.86159pt.

Underfull \vbox (badness 1137) has occurred while \output is active []


<phys581-Lab3-package-2018/exe-dir/vertWall.png, id=177, 1204.5pt x 1003.75pt>
File: phys581-Lab3-package-2018/exe-dir/vertWall.png Graphic file (type png)

<use phys581-Lab3-package-2018/exe-dir/vertWall.png>
Package pdftex.def Info: phys581-Lab3-package-2018/exe-dir/vertWall.png used on
 input line 304.
(pdftex.def)             Requested size: 229.5pt x 191.25053pt.

<phys581-Lab3-package-2018/exe-dir/vertWall_vector.png, id=178, 2409.0pt x 2007
.5pt>
File: phys581-Lab3-package-2018/exe-dir/vertWall_vector.png Graphic file (type 
png)
 <use phys581-Lab3-package-2018/exe-dir/vertWall_vector.png>
Package pdftex.def Info: phys581-Lab3-package-2018/exe-dir/vertWall_vector.png 
used on input line 311.
(pdftex.def)             Requested size: 229.5pt x 191.23523pt.

<phys581-Lab3-package-2018/exe-dir/horiWall.png, id=181, 1204.5pt x 1003.75pt>
File: phys581-Lab3-package-2018/exe-dir/horiWall.png Graphic file (type png)

<use phys581-Lab3-package-2018/exe-dir/horiWall.png>
Package pdftex.def Info: phys581-Lab3-package-2018/exe-dir/horiWall.png used on
 input line 320.
(pdftex.def)             Requested size: 229.5pt x 191.25053pt.

<phys581-Lab3-package-2018/exe-dir/horiWall_vector.png, id=182, 2409.0pt x 2007
.5pt>
File: phys581-Lab3-package-2018/exe-dir/horiWall_vector.png Graphic file (type 
png)
 <use phys581-Lab3-package-2018/exe-dir/horiWall_vector.png>
Package pdftex.def Info: phys581-Lab3-package-2018/exe-dir/horiWall_vector.png 
used on input line 327.
(pdftex.def)             Requested size: 229.5pt x 191.23523pt.
 [10 <./phys581-Lab3-package-2018/exe-dir/jet.png> <./phys581-Lab3-package-2018
/exe-dir/jet_vector.png>] [11 <./phys581-Lab3-package-2018/exe-dir/vertWall.png
> <./phys581-Lab3-package-2018/exe-dir/vertWall_vector.png> <./phys581-Lab3-pac
kage-2018/exe-dir/horiWall.png> <./phys581-Lab3-package-2018/exe-dir/horiWall_v
ector.png>]
<phys581-Lab3-package-2018/exe-dir/triWall.png, id=199, 1204.5pt x 1003.75pt>
File: phys581-Lab3-package-2018/exe-dir/triWall.png Graphic file (type png)

<use phys581-Lab3-package-2018/exe-dir/triWall.png>
Package pdftex.def Info: phys581-Lab3-package-2018/exe-dir/triWall.png used on 
input line 336.
(pdftex.def)             Requested size: 229.5pt x 191.25053pt.

<phys581-Lab3-package-2018/exe-dir/tri_vector.png, id=200, 2409.0pt x 2007.5pt>
File: phys581-Lab3-package-2018/exe-dir/tri_vector.png Graphic file (type png)
<use phys581-Lab3-package-2018/exe-dir/tri_vector.png>
Package pdftex.def Info: phys581-Lab3-package-2018/exe-dir/tri_vector.png used 
on input line 343.
(pdftex.def)             Requested size: 160.64929pt x 133.86159pt.

<phys581-Lab3-package-2018/exe-dir/normal.png, id=201, 1204.5pt x 1003.75pt>
File: phys581-Lab3-package-2018/exe-dir/normal.png Graphic file (type png)

<use phys581-Lab3-package-2018/exe-dir/normal.png>
Package pdftex.def Info: phys581-Lab3-package-2018/exe-dir/normal.png used on i
nput line 359.
(pdftex.def)             Requested size: 229.5pt x 191.25053pt.

<phys581-Lab3-package-2018/exe-dir/swept.png, id=202, 1204.5pt x 1003.75pt>
File: phys581-Lab3-package-2018/exe-dir/swept.png Graphic file (type png)

<use phys581-Lab3-package-2018/exe-dir/swept.png>
Package pdftex.def Info: phys581-Lab3-package-2018/exe-dir/swept.png used on in
put line 366.
(pdftex.def)             Requested size: 160.64929pt x 133.86159pt.
 [12 <./phys581-Lab3-package-2018/exe-dir/triWall.png> <./phys581-Lab3-package-
2018/exe-dir/tri_vector.png>]
[13 <./phys581-Lab3-package-2018/exe-dir/normal.png> <./phys581-Lab3-package-20
18/exe-dir/swept.png>]
Package atveryend Info: Empty hook `BeforeClearDocument' on input line 393.
 [14]
Package atveryend Info: Empty hook `AfterLastShipout' on input line 393.
 (./Lab3.aux)
Package atveryend Info: Executing hook `AtVeryEndDocument' on input line 393.
Package atveryend Info: Executing hook `AtEndAfterFileList' on input line 393.
Package rerunfilecheck Info: File `Lab3.out' has not changed.
(rerunfilecheck)             Checksum: E1EFFA2D5C1B9435B29A30255CF5F1A7;880.


LaTeX Warning: There were undefined references.

Package atveryend Info: Empty hook `AtVeryVeryEnd' on input line 393.
 ) 
Here is how much of TeX's memory you used:
 7190 strings out of 493091
 108615 string characters out of 6138525
 205937 words of memory out of 5000000
 10525 multiletter control sequences out of 15000+600000
 12636 words of font info for 49 fonts, out of 8000000 for 9000
 1141 hyphenation exceptions out of 8191
 36i,16n,38p,1515b,424s stack positions out of 5000i,500n,10000p,200000b,80000s
<c:/texlive/2015/texmf-dist/fonts/type1/public/amsfonts/cm/cmbx10.pfb><c:/tex
live/2015/texmf-dist/fonts/type1/public/amsfonts/cm/cmbx12.pfb><c:/texlive/2015
/texmf-dist/fonts/type1/public/amsfonts/cm/cmex10.pfb><c:/texlive/2015/texmf-di
st/fonts/type1/public/amsfonts/cm/cmmi10.pfb><c:/texlive/2015/texmf-dist/fonts/
type1/public/amsfonts/cm/cmmi7.pfb><c:/texlive/2015/texmf-dist/fonts/type1/publ
ic/amsfonts/cm/cmr10.pfb><c:/texlive/2015/texmf-dist/fonts/type1/public/amsfont
s/cm/cmr12.pfb><c:/texlive/2015/texmf-dist/fonts/type1/public/amsfonts/cm/cmr17
.pfb><c:/texlive/2015/texmf-dist/fonts/type1/public/amsfonts/cm/cmr5.pfb><c:/te
xlive/2015/texmf-dist/fonts/type1/public/amsfonts/cm/cmr7.pfb><c:/texlive/2015/
texmf-dist/fonts/type1/public/amsfonts/cm/cmsy10.pfb><c:/texlive/2015/texmf-dis
t/fonts/type1/public/amsfonts/cm/cmsy7.pfb><c:/texlive/2015/texmf-dist/fonts/ty
pe1/public/amsfonts/cm/cmti10.pfb><c:/texlive/2015/texmf-dist/fonts/type1/publi
c/amsfonts/cm/cmtt10.pfb>
Output written on Lab3.pdf (14 pages, 7446259 bytes).
PDF statistics:
 288 PDF objects out of 1000 (max. 8388607)
 231 compressed objects within 3 object streams
 68 named destinations out of 1000 (max. 500000)
 198 words of extra memory for PDF output out of 10000 (max. 10000000)

