This is pdfTeX, Version 3.1415926-2.5-1.40.14 (TeX Live 2013/Debian) (format=pdflatex 2017.8.23)  12 APR 2018 10:40
entering extended mode
 restricted \write18 enabled.
 %&-line parsing enabled.
**&pdflatex prv_austin_report.ini \nonstopmode\nofiles\PassOptionsToPackage{act
ive,tightpage,auctex}{preview}\AtBeginDocument{\ifx\ifPreview\undefined\Require
Package[displaymath,floats,graphics,textmath,sections,footnotes]{preview}[2004/
11/05]\fi} \input austin_report.tex
(./prv_austin_report.ini
LaTeX2e <2011/06/27>
Babel <3.9h> and hyphenation patterns for 78 languages loaded.
(/usr/share/texlive/texmf-dist/tex/latex/carlisle/mylatex.ltx)
(/usr/share/texlive/texmf-dist/tex/latex/tools/.tex File ignored))
No auxiliary output files.

(./austin_report.tex (/usr/share/texlive/texmf-dist/tex/latex/base/article.cls
Document Class: article 2007/10/19 v1.4h Standard LaTeX document class
(/usr/share/texlive/texmf-dist/tex/latex/base/size10.clo
File: size10.clo 2007/10/19 v1.4h Standard LaTeX file (size option)
)
\c@part=\count79
\c@section=\count80
\c@subsection=\count81
\c@subsubsection=\count82
\c@paragraph=\count83
\c@subparagraph=\count84
\c@figure=\count85
\c@table=\count86
\abovecaptionskip=\skip41
\belowcaptionskip=\skip42
\bibindent=\dimen102
)
LaTeX Font Info:    External font `cmex10' loaded for size
(Font)              <7> on input line 3.
LaTeX Font Info:    External font `cmex10' loaded for size
(Font)              <5> on input line 3.
 )
Beginning to dump on file prv_austin_report.fmt
 (format=prv_austin_report 2018.4.12)
6929 strings of total length 112973
51097 memory locations dumped; current usage is 219&49252
3766 multiletter control sequences
\font\nullfont=nullfont
\font\OMX/cmex/m/n/5=cmex10
\font\tenln=line10
\font\tenlnw=linew10
\font\tencirc=lcircle10
\font\tencircw=lcirclew10
\font\OT1/cmr/m/n/5=cmr5
\font\OT1/cmr/m/n/7=cmr7
\font\OT1/cmr/m/n/10=cmr10
\font\OML/cmm/m/it/5=cmmi5
\font\OML/cmm/m/it/7=cmmi7
\font\OML/cmm/m/it/10=cmmi10
\font\OMS/cmsy/m/n/5=cmsy5
\font\OMS/cmsy/m/n/7=cmsy7
\font\OMS/cmsy/m/n/10=cmsy10
\font\OT1/cmr/m/n/12=cmr12
\font\OT1/cmr/m/n/8=cmr8
\font\OT1/cmr/bx/n/10=cmbx10
\font\OT1/cmr/bx/it/10=cmbxti10
\font\OT1/cmr/m/it/10=cmti10
\font\OT1/cmtt/m/n/10=cmtt10
\font\OT1/cmss/m/n/10=cmss10
5716 words of font info for 21 preloaded fonts
957 hyphenation exceptions
Hyphenation trie of length 334506 has 8224 ops out of 35111
  165 for language 78
  76 for language 77
  21 for language 76
  7 for language 75
  194 for language 74
  14 for language 73
  38 for language 72
  21 for language 71
  145 for language 70
  137 for language 69
  7 for language 68
  52 for language 67
  130 for language 66
  37 for language 65
  50 for language 52
  18 for language 51
  97 for language 50
  148 for language 49
  410 for language 48
  388 for language 47
  207 for language 46
  400 for language 45
  235 for language 44
  5 for language 43
  88 for language 42
  110 for language 41
  77 for language 40
  113 for language 39
  127 for language 38
  31 for language 37
  19 for language 36
  37 for language 35
  143 for language 34
  25 for language 33
  265 for language 32
  147 for language 31
  43 for language 30
  27 for language 29
  185 for language 28
  71 for language 27
  58 for language 26
  852 for language 25
  852 for language 24
  58 for language 23
  12 for language 22
  60 for language 21
  229 for language 20
  40 for language 19
  224 for language 17
  377 for language 16
  248 for language 15
  63 for language 14
  138 for language 13
  119 for language 12
  21 for language 11
  66 for language 10
  62 for language 9
  12 for language 8
  38 for language 7
  2 for language 6
  2 for language 1
  181 for language 0
0 words of pdfTeX memory
0 indirect objects
No pages of output.
PDF statistics:
 0 PDF objects out of 1000 (max. 8388607)
 0 named destinations out of 1000 (max. 500000)
 1 words of extra memory for PDF output out of 10000 (max. 10000000)

